<?xml version="1.0" encoding="UTF-8"?>
<testsuite name="ru.stqa.learn.EquationTests" tests="3" skipped="0" failures="0" errors="0" timestamp="2020-01-16T16:17:03" hostname="HP820G4-6" time="0.021">
  <properties/>
  <testcase name="test0" classname="ru.stqa.learn.EquationTests" time="0.011"/>
  <testcase name="test1" classname="ru.stqa.learn.EquationTests" time="0.0"/>
  <testcase name="test2" classname="ru.stqa.learn.EquationTests" time="0.0"/>
  <system-out><![CDATA[]]></system-out>
  <system-err><![CDATA[]]></system-err>
</testsuite>
