<?xml version="1.0" encoding="UTF-8"?>
<testsuite name="ru.stqa.learn.PrimeTests" tests="2" skipped="0" failures="0" errors="0" timestamp="2020-11-21T10:30:16" hostname="HP820G4-6" time="0.031">
  <properties/>
  <testcase name="testNonPrime" classname="ru.stqa.learn.PrimeTests" time="0.016"/>
  <testcase name="testPrime" classname="ru.stqa.learn.PrimeTests" time="0.015"/>
  <system-out><![CDATA[]]></system-out>
  <system-err><![CDATA[]]></system-err>
</testsuite>
