<?xml version="1.0" encoding="UTF-8"?>
<testsuite name="ru.stqa.learn.mantis.tests.LoginTests" tests="1" skipped="0" failures="0" errors="0" timestamp="2020-11-08T13:57:57" hostname="HP820G4-6" time="1.306">
  <properties/>
  <testcase name="testLogin" classname="ru.stqa.learn.mantis.tests.LoginTests" time="1.306"/>
  <system-out><![CDATA[]]></system-out>
  <system-err><![CDATA[]]></system-err>
</testsuite>
