<?xml version="1.0" encoding="UTF-8"?>
<testsuite name="ru.stqa.learn.mantis.tests.RegistrationTests" tests="1" skipped="0" failures="0" errors="0" timestamp="2020-11-09T17:52:11" hostname="HP820G4-6" time="31.222">
  <properties/>
  <testcase name="TestRegistration" classname="ru.stqa.learn.mantis.tests.RegistrationTests" time="31.222"/>
  <system-out><![CDATA[JAMES Remote Administration Tool 2.3.1
Please enter your login and password
Login id:

Password:

Login failed for 
Login id:root

Password:root

Welcome root. HELP for a list of commandsadduser user1604944331939 password

User user1604944331939 addedquit
20:52:12.209 [Test worker] DEBUG io.netty.util.internal.logging.InternalLoggerFactory - Using SLF4J as the default logging framework
20:52:12.219 [Test worker] DEBUG io.netty.util.ResourceLeakDetector - -Dio.netty.leakDetection.level: simple
20:52:12.219 [Test worker] DEBUG io.netty.util.ResourceLeakDetector - -Dio.netty.leakDetection.targetRecords: 4
20:52:12.229 [Test worker] DEBUG io.netty.util.ResourceLeakDetectorFactory - Loaded default ResourceLeakDetector: io.netty.util.ResourceLeakDetector@21b3cd5a
20:52:12.249 [Test worker] DEBUG io.netty.util.internal.PlatformDependent - Platform: Windows
20:52:12.259 [Test worker] DEBUG io.netty.util.internal.PlatformDependent0 - -Dio.netty.noUnsafe: false
20:52:12.259 [Test worker] DEBUG io.netty.util.internal.PlatformDependent0 - Java version: 8
20:52:12.259 [Test worker] DEBUG io.netty.util.internal.PlatformDependent0 - sun.misc.Unsafe.theUnsafe: available
20:52:12.259 [Test worker] DEBUG io.netty.util.internal.PlatformDependent0 - sun.misc.Unsafe.copyMemory: available
20:52:12.259 [Test worker] DEBUG io.netty.util.internal.PlatformDependent0 - java.nio.Buffer.address: available
20:52:12.259 [Test worker] DEBUG io.netty.util.internal.PlatformDependent0 - direct buffer constructor: available
20:52:12.259 [Test worker] DEBUG io.netty.util.internal.PlatformDependent0 - java.nio.Bits.unaligned: available, true
20:52:12.259 [Test worker] DEBUG io.netty.util.internal.PlatformDependent0 - jdk.internal.misc.Unsafe.allocateUninitializedArray(int): unavailable prior to Java9
20:52:12.259 [Test worker] DEBUG io.netty.util.internal.PlatformDependent0 - java.nio.DirectByteBuffer.<init>(long, int): available
20:52:12.259 [Test worker] DEBUG io.netty.util.internal.PlatformDependent - sun.misc.Unsafe: available
20:52:12.269 [Test worker] DEBUG io.netty.util.internal.PlatformDependent - -Dio.netty.tmpdir: C:\Temp (java.io.tmpdir)
20:52:12.269 [Test worker] DEBUG io.netty.util.internal.PlatformDependent - -Dio.netty.bitMode: 64 (sun.arch.data.model)
20:52:12.269 [Test worker] DEBUG io.netty.util.internal.PlatformDependent - -Dio.netty.maxDirectMemory: 477626368 bytes
20:52:12.269 [Test worker] DEBUG io.netty.util.internal.PlatformDependent - -Dio.netty.uninitializedArrayAllocationThreshold: -1
20:52:12.269 [Test worker] DEBUG io.netty.util.internal.CleanerJava6 - java.nio.ByteBuffer.cleaner(): available
20:52:12.269 [Test worker] DEBUG io.netty.util.internal.PlatformDependent - -Dio.netty.noPreferDirect: false
20:52:12.289 [Test worker] DEBUG io.netty.util.internal.PlatformDependent - org.jctools-core.MpscChunkedArrayQueue: available
20:52:12.809 [Test worker] DEBUG io.netty.handler.ssl.JdkSslContext - Default protocols (JDK): [TLSv1.2, TLSv1.1, TLSv1] 
20:52:12.809 [Test worker] DEBUG io.netty.handler.ssl.JdkSslContext - Default cipher suites (JDK): [TLS_ECDHE_ECDSA_WITH_AES_256_GCM_SHA384, TLS_ECDHE_ECDSA_WITH_AES_128_GCM_SHA256, TLS_ECDHE_RSA_WITH_AES_128_GCM_SHA256, TLS_ECDHE_RSA_WITH_AES_256_GCM_SHA384, TLS_ECDHE_RSA_WITH_AES_128_CBC_SHA, TLS_ECDHE_RSA_WITH_AES_256_CBC_SHA, TLS_RSA_WITH_AES_128_GCM_SHA256, TLS_RSA_WITH_AES_128_CBC_SHA, TLS_RSA_WITH_AES_256_CBC_SHA]
20:52:12.839 [Test worker] DEBUG io.netty.util.internal.InternalThreadLocalMap - -Dio.netty.threadLocalMap.stringBuilder.initialSize: 1024
20:52:12.839 [Test worker] DEBUG io.netty.util.internal.InternalThreadLocalMap - -Dio.netty.threadLocalMap.stringBuilder.maxSize: 4096
20:52:12.849 [Test worker] DEBUG io.netty.channel.MultithreadEventLoopGroup - -Dio.netty.eventLoopThreads: 8
20:52:12.869 [Test worker] DEBUG io.netty.channel.nio.NioEventLoop - -Dio.netty.noKeySetOptimization: false
20:52:12.869 [Test worker] DEBUG io.netty.channel.nio.NioEventLoop - -Dio.netty.selectorAutoRebuildThreshold: 512
20:52:12.919 [Test worker] DEBUG io.netty.buffer.PooledByteBufAllocator - -Dio.netty.allocator.numHeapArenas: 4
20:52:12.919 [Test worker] DEBUG io.netty.buffer.PooledByteBufAllocator - -Dio.netty.allocator.numDirectArenas: 4
20:52:12.919 [Test worker] DEBUG io.netty.buffer.PooledByteBufAllocator - -Dio.netty.allocator.pageSize: 8192
20:52:12.919 [Test worker] DEBUG io.netty.buffer.PooledByteBufAllocator - -Dio.netty.allocator.maxOrder: 11
20:52:12.919 [Test worker] DEBUG io.netty.buffer.PooledByteBufAllocator - -Dio.netty.allocator.chunkSize: 16777216
20:52:12.919 [Test worker] DEBUG io.netty.buffer.PooledByteBufAllocator - -Dio.netty.allocator.tinyCacheSize: 512
20:52:12.919 [Test worker] DEBUG io.netty.buffer.PooledByteBufAllocator - -Dio.netty.allocator.smallCacheSize: 256
20:52:12.919 [Test worker] DEBUG io.netty.buffer.PooledByteBufAllocator - -Dio.netty.allocator.normalCacheSize: 64
20:52:12.919 [Test worker] DEBUG io.netty.buffer.PooledByteBufAllocator - -Dio.netty.allocator.maxCachedBufferCapacity: 32768
20:52:12.919 [Test worker] DEBUG io.netty.buffer.PooledByteBufAllocator - -Dio.netty.allocator.cacheTrimInterval: 8192
20:52:12.919 [Test worker] DEBUG io.netty.buffer.PooledByteBufAllocator - -Dio.netty.allocator.cacheTrimIntervalMillis: 0
20:52:12.919 [Test worker] DEBUG io.netty.buffer.PooledByteBufAllocator - -Dio.netty.allocator.useCacheForAllThreads: true
20:52:12.919 [Test worker] DEBUG io.netty.buffer.PooledByteBufAllocator - -Dio.netty.allocator.maxCachedByteBuffersPerChunk: 1023
20:52:12.949 [Test worker] DEBUG io.netty.buffer.ByteBufUtil - -Dio.netty.allocator.type: pooled
20:52:12.949 [Test worker] DEBUG io.netty.buffer.ByteBufUtil - -Dio.netty.threadLocalDirectBufferSize: 0
20:52:12.949 [Test worker] DEBUG io.netty.buffer.ByteBufUtil - -Dio.netty.maxThreadLocalCharBufferSize: 16384
20:52:14.141 [Forwarding newSession on session null to remote] DEBUG io.netty.channel.DefaultChannelId - -Dio.netty.processId: 7472 (auto-detected)
20:52:14.141 [Forwarding newSession on session null to remote] DEBUG io.netty.util.NetUtil - -Djava.net.preferIPv4Stack: false
20:52:14.141 [Forwarding newSession on session null to remote] DEBUG io.netty.util.NetUtil - -Djava.net.preferIPv6Addresses: false
20:52:14.391 [Forwarding newSession on session null to remote] DEBUG io.netty.util.NetUtil - Loopback interface: lo (Software Loopback Interface 1, 127.0.0.1)
20:52:14.391 [Forwarding newSession on session null to remote] DEBUG io.netty.util.NetUtil - Failed to get SOMAXCONN from sysctl and file \proc\sys\net\core\somaxconn. Default: 200
20:52:14.651 [Forwarding newSession on session null to remote] DEBUG io.netty.channel.DefaultChannelId - -Dio.netty.machineId: 0c:54:15:ff:fe:2a:8f:b4 (auto-detected)
20:52:14.731 [AsyncHttpClient-3-1] DEBUG io.netty.buffer.AbstractByteBuf - -Dio.netty.buffer.checkAccessible: true
20:52:14.731 [AsyncHttpClient-3-1] DEBUG io.netty.buffer.AbstractByteBuf - -Dio.netty.buffer.checkBounds: true
20:52:14.731 [AsyncHttpClient-3-1] DEBUG io.netty.util.ResourceLeakDetectorFactory - Loaded default ResourceLeakDetector: io.netty.util.ResourceLeakDetector@639ef182
20:52:14.751 [AsyncHttpClient-3-1] DEBUG org.asynchttpclient.netty.channel.NettyConnectListener - Using new Channel '[id: 0xe306415c, L:/127.0.0.1:57663 - R:localhost/127.0.0.1:7262]' for 'POST' to '/session'
20:52:14.781 [AsyncHttpClient-3-1] DEBUG io.netty.util.Recycler - -Dio.netty.recycler.maxCapacityPerThread: 4096
20:52:14.781 [AsyncHttpClient-3-1] DEBUG io.netty.util.Recycler - -Dio.netty.recycler.maxSharedCapacityFactor: 2
20:52:14.781 [AsyncHttpClient-3-1] DEBUG io.netty.util.Recycler - -Dio.netty.recycler.linkCapacity: 16
20:52:14.781 [AsyncHttpClient-3-1] DEBUG io.netty.util.Recycler - -Dio.netty.recycler.ratio: 8
20:52:16.992 [AsyncHttpClient-3-1] DEBUG org.asynchttpclient.netty.handler.HttpHandler - 

Request DefaultHttpRequest(decodeResult: success, version: HTTP/1.1)
POST /session HTTP/1.1
User-Agent: selenium/4.0.0-alpha-6 (java windows)
Content-Length: 365
Content-Type: application/json; charset=utf-8
host: localhost:7262
accept: */*

Response DefaultHttpResponse(decodeResult: success, version: HTTP/1.1)
HTTP/1.1 200 OK
Content-Length: 688
Content-Type: application/json; charset=utf-8
cache-control: no-cache

20:52:17.002 [AsyncHttpClient-3-1] DEBUG org.asynchttpclient.netty.channel.ChannelManager - Adding key: http://localhost:7262 for channel [id: 0xe306415c, L:/127.0.0.1:57663 - R:localhost/127.0.0.1:7262]
20:52:17.072 [AsyncHttpClient-3-2] DEBUG org.asynchttpclient.netty.channel.NettyConnectListener - Using new Channel '[id: 0xdd0390f9, L:/127.0.0.1:57675 - R:localhost/127.0.0.1:57664]' for 'GET' to '/json/version'
20:52:17.082 [AsyncHttpClient-3-2] DEBUG org.asynchttpclient.netty.handler.HttpHandler - 

Request DefaultFullHttpRequest(decodeResult: success, version: HTTP/1.1, content: EmptyByteBufBE)
GET /json/version HTTP/1.1
User-Agent: selenium/4.0.0-alpha-6 (java windows)
host: localhost:57664
accept: */*

Response DefaultHttpResponse(decodeResult: success, version: HTTP/1.1)
HTTP/1.1 200 OK
Content-Length: 426
Content-Type: application/json; charset=UTF-8

20:52:17.082 [AsyncHttpClient-3-2] DEBUG org.asynchttpclient.netty.channel.ChannelManager - Adding key: http://localhost:57664 for channel [id: 0xdd0390f9, L:/127.0.0.1:57675 - R:localhost/127.0.0.1:57664]
20:52:17.106 [Test worker] DEBUG io.netty.util.internal.ThreadLocalRandom - -Dio.netty.initialSeedUniquifier: 0x982fb861fa8a028b
20:52:17.114 [AsyncHttpClient-3-3] DEBUG org.asynchttpclient.netty.channel.NettyConnectListener - Using new Channel '[id: 0xc843d1d3, L:/127.0.0.1:57676 - R:localhost/127.0.0.1:57664]' for 'GET' to '/devtools/browser/ffda4989-4006-48db-bca5-bdcbfdff47cd'
20:52:17.123 [AsyncHttpClient-3-3] DEBUG org.asynchttpclient.netty.handler.WebSocketHandler - 

Request DefaultFullHttpRequest(decodeResult: success, version: HTTP/1.1, content: EmptyByteBufBE)
GET /devtools/browser/ffda4989-4006-48db-bca5-bdcbfdff47cd HTTP/1.1
upgrade: websocket
connection: upgrade
sec-websocket-key: 4prGeKqq2Ue4j+YKAXwGSA==
sec-websocket-version: 13
origin: http://localhost:57664
host: localhost:57664
accept: */*
user-agent: AHC/2.1

Response DefaultHttpResponse(decodeResult: success, version: HTTP/1.1)
HTTP/1.1 101 WebSocket Protocol Handshake
Upgrade: WebSocket
Connection: Upgrade
Sec-WebSocket-Accept: UrpldeZsXPJ6tMuZx42dLSa9Xl0=

20:52:17.142 [Forwarding setTimeout on session 4ce0123a338f680df063d3c593b6bfa5 to remote] DEBUG org.asynchttpclient.netty.request.NettyRequestSender - Using pooled Channel '[id: 0xe306415c, L:/127.0.0.1:57663 - R:localhost/127.0.0.1:7262]' for 'POST' to 'http://localhost:7262/session/4ce0123a338f680df063d3c593b6bfa5/timeouts'
20:52:17.142 [Forwarding setTimeout on session 4ce0123a338f680df063d3c593b6bfa5 to remote] DEBUG org.asynchttpclient.netty.request.NettyRequestSender - Using open Channel [id: 0xe306415c, L:/127.0.0.1:57663 - R:localhost/127.0.0.1:7262] for POST '/session/4ce0123a338f680df063d3c593b6bfa5/timeouts'
20:52:17.172 [AsyncHttpClient-3-1] DEBUG org.asynchttpclient.netty.handler.HttpHandler - 

Request DefaultHttpRequest(decodeResult: success, version: HTTP/1.1)
POST /session/4ce0123a338f680df063d3c593b6bfa5/timeouts HTTP/1.1
User-Agent: selenium/4.0.0-alpha-6 (java windows)
Content-Length: 22
Content-Type: application/json; charset=utf-8
host: localhost:7262
accept: */*

Response DefaultHttpResponse(decodeResult: success, version: HTTP/1.1)
HTTP/1.1 200 OK
Content-Length: 14
Content-Type: application/json; charset=utf-8
cache-control: no-cache

20:52:17.172 [AsyncHttpClient-3-1] DEBUG org.asynchttpclient.netty.channel.ChannelManager - Adding key: http://localhost:7262 for channel [id: 0xe306415c, L:/127.0.0.1:57663 - R:localhost/127.0.0.1:7262]
20:52:17.172 [Forwarding get on session 4ce0123a338f680df063d3c593b6bfa5 to remote] DEBUG org.asynchttpclient.netty.request.NettyRequestSender - Using pooled Channel '[id: 0xe306415c, L:/127.0.0.1:57663 - R:localhost/127.0.0.1:7262]' for 'POST' to 'http://localhost:7262/session/4ce0123a338f680df063d3c593b6bfa5/url'
20:52:17.172 [Forwarding get on session 4ce0123a338f680df063d3c593b6bfa5 to remote] DEBUG org.asynchttpclient.netty.request.NettyRequestSender - Using open Channel [id: 0xe306415c, L:/127.0.0.1:57663 - R:localhost/127.0.0.1:7262] for POST '/session/4ce0123a338f680df063d3c593b6bfa5/url'
20:52:17.203 [AsyncHttpClient-timer-1-1] DEBUG org.asynchttpclient.netty.channel.DefaultChannelPool - Entry count for : http://localhost:57664 : 1
20:52:18.224 [AsyncHttpClient-3-1] DEBUG org.asynchttpclient.netty.handler.HttpHandler - 

Request DefaultHttpRequest(decodeResult: success, version: HTTP/1.1)
POST /session/4ce0123a338f680df063d3c593b6bfa5/url HTTP/1.1
User-Agent: selenium/4.0.0-alpha-6 (java windows)
Content-Length: 68
Content-Type: application/json; charset=utf-8
host: localhost:7262
accept: */*

Response DefaultHttpResponse(decodeResult: success, version: HTTP/1.1)
HTTP/1.1 200 OK
Content-Length: 14
Content-Type: application/json; charset=utf-8
cache-control: no-cache

20:52:18.225 [AsyncHttpClient-3-1] DEBUG org.asynchttpclient.netty.channel.ChannelManager - Adding key: http://localhost:7262 for channel [id: 0xe306415c, L:/127.0.0.1:57663 - R:localhost/127.0.0.1:7262]
20:52:18.230 [Forwarding get on session 4ce0123a338f680df063d3c593b6bfa5 to remote] DEBUG org.asynchttpclient.netty.request.NettyRequestSender - Using pooled Channel '[id: 0xe306415c, L:/127.0.0.1:57663 - R:localhost/127.0.0.1:7262]' for 'POST' to 'http://localhost:7262/session/4ce0123a338f680df063d3c593b6bfa5/url'
20:52:18.230 [Forwarding get on session 4ce0123a338f680df063d3c593b6bfa5 to remote] DEBUG org.asynchttpclient.netty.request.NettyRequestSender - Using open Channel [id: 0xe306415c, L:/127.0.0.1:57663 - R:localhost/127.0.0.1:7262] for POST '/session/4ce0123a338f680df063d3c593b6bfa5/url'
20:52:18.301 [AsyncHttpClient-timer-1-1] DEBUG org.asynchttpclient.netty.channel.DefaultChannelPool - Entry count for : http://localhost:57664 : 1
20:52:18.770 [AsyncHttpClient-3-1] DEBUG org.asynchttpclient.netty.handler.HttpHandler - 

Request DefaultHttpRequest(decodeResult: success, version: HTTP/1.1)
POST /session/4ce0123a338f680df063d3c593b6bfa5/url HTTP/1.1
User-Agent: selenium/4.0.0-alpha-6 (java windows)
Content-Length: 89
Content-Type: application/json; charset=utf-8
host: localhost:7262
accept: */*

Response DefaultHttpResponse(decodeResult: success, version: HTTP/1.1)
HTTP/1.1 200 OK
Content-Length: 14
Content-Type: application/json; charset=utf-8
cache-control: no-cache

20:52:18.770 [AsyncHttpClient-3-1] DEBUG org.asynchttpclient.netty.channel.ChannelManager - Adding key: http://localhost:7262 for channel [id: 0xe306415c, L:/127.0.0.1:57663 - R:localhost/127.0.0.1:7262]
20:52:18.785 [Forwarding findElement on session 4ce0123a338f680df063d3c593b6bfa5 to remote] DEBUG org.asynchttpclient.netty.request.NettyRequestSender - Using pooled Channel '[id: 0xe306415c, L:/127.0.0.1:57663 - R:localhost/127.0.0.1:7262]' for 'POST' to 'http://localhost:7262/session/4ce0123a338f680df063d3c593b6bfa5/element'
20:52:18.785 [Forwarding findElement on session 4ce0123a338f680df063d3c593b6bfa5 to remote] DEBUG org.asynchttpclient.netty.request.NettyRequestSender - Using open Channel [id: 0xe306415c, L:/127.0.0.1:57663 - R:localhost/127.0.0.1:7262] for POST '/session/4ce0123a338f680df063d3c593b6bfa5/element'
20:52:18.830 [AsyncHttpClient-3-1] DEBUG org.asynchttpclient.netty.handler.HttpHandler - 

Request DefaultHttpRequest(decodeResult: success, version: HTTP/1.1)
POST /session/4ce0123a338f680df063d3c593b6bfa5/element HTTP/1.1
User-Agent: selenium/4.0.0-alpha-6 (java windows)
Content-Length: 62
Content-Type: application/json; charset=utf-8
host: localhost:7262
accept: */*

Response DefaultHttpResponse(decodeResult: success, version: HTTP/1.1)
HTTP/1.1 200 OK
Content-Length: 88
Content-Type: application/json; charset=utf-8
cache-control: no-cache

20:52:18.831 [AsyncHttpClient-3-1] DEBUG org.asynchttpclient.netty.channel.ChannelManager - Adding key: http://localhost:7262 for channel [id: 0xe306415c, L:/127.0.0.1:57663 - R:localhost/127.0.0.1:7262]
20:52:18.838 [Forwarding clickElement on session 4ce0123a338f680df063d3c593b6bfa5 to remote] DEBUG org.asynchttpclient.netty.request.NettyRequestSender - Using pooled Channel '[id: 0xe306415c, L:/127.0.0.1:57663 - R:localhost/127.0.0.1:7262]' for 'POST' to 'http://localhost:7262/session/4ce0123a338f680df063d3c593b6bfa5/element/02334aa8-23b0-483c-85f2-ff8b9ca209b0/click'
20:52:18.838 [Forwarding clickElement on session 4ce0123a338f680df063d3c593b6bfa5 to remote] DEBUG org.asynchttpclient.netty.request.NettyRequestSender - Using open Channel [id: 0xe306415c, L:/127.0.0.1:57663 - R:localhost/127.0.0.1:7262] for POST '/session/4ce0123a338f680df063d3c593b6bfa5/element/02334aa8-23b0-483c-85f2-ff8b9ca209b0/click'
20:52:18.930 [AsyncHttpClient-3-1] DEBUG org.asynchttpclient.netty.handler.HttpHandler - 

Request DefaultHttpRequest(decodeResult: success, version: HTTP/1.1)
POST /session/4ce0123a338f680df063d3c593b6bfa5/element/02334aa8-23b0-483c-85f2-ff8b9ca209b0/click HTTP/1.1
User-Agent: selenium/4.0.0-alpha-6 (java windows)
Content-Length: 50
Content-Type: application/json; charset=utf-8
host: localhost:7262
accept: */*

Response DefaultHttpResponse(decodeResult: success, version: HTTP/1.1)
HTTP/1.1 200 OK
Content-Length: 14
Content-Type: application/json; charset=utf-8
cache-control: no-cache

20:52:18.931 [AsyncHttpClient-3-1] DEBUG org.asynchttpclient.netty.channel.ChannelManager - Adding key: http://localhost:7262 for channel [id: 0xe306415c, L:/127.0.0.1:57663 - R:localhost/127.0.0.1:7262]
20:52:18.935 [Forwarding findElement on session 4ce0123a338f680df063d3c593b6bfa5 to remote] DEBUG org.asynchttpclient.netty.request.NettyRequestSender - Using pooled Channel '[id: 0xe306415c, L:/127.0.0.1:57663 - R:localhost/127.0.0.1:7262]' for 'POST' to 'http://localhost:7262/session/4ce0123a338f680df063d3c593b6bfa5/element'
20:52:18.935 [Forwarding findElement on session 4ce0123a338f680df063d3c593b6bfa5 to remote] DEBUG org.asynchttpclient.netty.request.NettyRequestSender - Using open Channel [id: 0xe306415c, L:/127.0.0.1:57663 - R:localhost/127.0.0.1:7262] for POST '/session/4ce0123a338f680df063d3c593b6bfa5/element'
20:52:18.954 [AsyncHttpClient-3-1] DEBUG org.asynchttpclient.netty.handler.HttpHandler - 

Request DefaultHttpRequest(decodeResult: success, version: HTTP/1.1)
POST /session/4ce0123a338f680df063d3c593b6bfa5/element HTTP/1.1
User-Agent: selenium/4.0.0-alpha-6 (java windows)
Content-Length: 62
Content-Type: application/json; charset=utf-8
host: localhost:7262
accept: */*

Response DefaultHttpResponse(decodeResult: success, version: HTTP/1.1)
HTTP/1.1 200 OK
Content-Length: 88
Content-Type: application/json; charset=utf-8
cache-control: no-cache

20:52:18.954 [AsyncHttpClient-3-1] DEBUG org.asynchttpclient.netty.channel.ChannelManager - Adding key: http://localhost:7262 for channel [id: 0xe306415c, L:/127.0.0.1:57663 - R:localhost/127.0.0.1:7262]
20:52:18.986 [Forwarding getElementAttribute on session 4ce0123a338f680df063d3c593b6bfa5 to remote] DEBUG org.asynchttpclient.netty.request.NettyRequestSender - Using pooled Channel '[id: 0xe306415c, L:/127.0.0.1:57663 - R:localhost/127.0.0.1:7262]' for 'POST' to 'http://localhost:7262/session/4ce0123a338f680df063d3c593b6bfa5/execute/sync'
20:52:18.987 [Forwarding getElementAttribute on session 4ce0123a338f680df063d3c593b6bfa5 to remote] DEBUG org.asynchttpclient.netty.request.NettyRequestSender - Using open Channel [id: 0xe306415c, L:/127.0.0.1:57663 - R:localhost/127.0.0.1:7262] for POST '/session/4ce0123a338f680df063d3c593b6bfa5/execute/sync'
20:52:19.053 [AsyncHttpClient-3-1] DEBUG org.asynchttpclient.netty.handler.HttpHandler - 

Request DefaultHttpRequest(decodeResult: success, version: HTTP/1.1)
POST /session/4ce0123a338f680df063d3c593b6bfa5/execute/sync HTTP/1.1
User-Agent: selenium/4.0.0-alpha-6 (java windows)
Content-Length: 39635
Content-Type: application/json; charset=utf-8
host: localhost:7262
accept: */*

Response DefaultHttpResponse(decodeResult: success, version: HTTP/1.1)
HTTP/1.1 200 OK
Content-Length: 12
Content-Type: application/json; charset=utf-8
cache-control: no-cache

20:52:19.054 [AsyncHttpClient-3-1] DEBUG org.asynchttpclient.netty.channel.ChannelManager - Adding key: http://localhost:7262 for channel [id: 0xe306415c, L:/127.0.0.1:57663 - R:localhost/127.0.0.1:7262]
20:52:19.057 [Forwarding findElement on session 4ce0123a338f680df063d3c593b6bfa5 to remote] DEBUG org.asynchttpclient.netty.request.NettyRequestSender - Using pooled Channel '[id: 0xe306415c, L:/127.0.0.1:57663 - R:localhost/127.0.0.1:7262]' for 'POST' to 'http://localhost:7262/session/4ce0123a338f680df063d3c593b6bfa5/element'
20:52:19.058 [Forwarding findElement on session 4ce0123a338f680df063d3c593b6bfa5 to remote] DEBUG org.asynchttpclient.netty.request.NettyRequestSender - Using open Channel [id: 0xe306415c, L:/127.0.0.1:57663 - R:localhost/127.0.0.1:7262] for POST '/session/4ce0123a338f680df063d3c593b6bfa5/element'
20:52:19.078 [AsyncHttpClient-3-1] DEBUG org.asynchttpclient.netty.handler.HttpHandler - 

Request DefaultHttpRequest(decodeResult: success, version: HTTP/1.1)
POST /session/4ce0123a338f680df063d3c593b6bfa5/element HTTP/1.1
User-Agent: selenium/4.0.0-alpha-6 (java windows)
Content-Length: 62
Content-Type: application/json; charset=utf-8
host: localhost:7262
accept: */*

Response DefaultHttpResponse(decodeResult: success, version: HTTP/1.1)
HTTP/1.1 200 OK
Content-Length: 88
Content-Type: application/json; charset=utf-8
cache-control: no-cache

20:52:19.079 [AsyncHttpClient-3-1] DEBUG org.asynchttpclient.netty.channel.ChannelManager - Adding key: http://localhost:7262 for channel [id: 0xe306415c, L:/127.0.0.1:57663 - R:localhost/127.0.0.1:7262]
20:52:19.083 [Forwarding clearElement on session 4ce0123a338f680df063d3c593b6bfa5 to remote] DEBUG org.asynchttpclient.netty.request.NettyRequestSender - Using pooled Channel '[id: 0xe306415c, L:/127.0.0.1:57663 - R:localhost/127.0.0.1:7262]' for 'POST' to 'http://localhost:7262/session/4ce0123a338f680df063d3c593b6bfa5/element/02334aa8-23b0-483c-85f2-ff8b9ca209b0/clear'
20:52:19.083 [Forwarding clearElement on session 4ce0123a338f680df063d3c593b6bfa5 to remote] DEBUG org.asynchttpclient.netty.request.NettyRequestSender - Using open Channel [id: 0xe306415c, L:/127.0.0.1:57663 - R:localhost/127.0.0.1:7262] for POST '/session/4ce0123a338f680df063d3c593b6bfa5/element/02334aa8-23b0-483c-85f2-ff8b9ca209b0/clear'
20:52:19.146 [AsyncHttpClient-3-1] DEBUG org.asynchttpclient.netty.handler.HttpHandler - 

Request DefaultHttpRequest(decodeResult: success, version: HTTP/1.1)
POST /session/4ce0123a338f680df063d3c593b6bfa5/element/02334aa8-23b0-483c-85f2-ff8b9ca209b0/clear HTTP/1.1
User-Agent: selenium/4.0.0-alpha-6 (java windows)
Content-Length: 50
Content-Type: application/json; charset=utf-8
host: localhost:7262
accept: */*

Response DefaultHttpResponse(decodeResult: success, version: HTTP/1.1)
HTTP/1.1 200 OK
Content-Length: 14
Content-Type: application/json; charset=utf-8
cache-control: no-cache

20:52:19.147 [AsyncHttpClient-3-1] DEBUG org.asynchttpclient.netty.channel.ChannelManager - Adding key: http://localhost:7262 for channel [id: 0xe306415c, L:/127.0.0.1:57663 - R:localhost/127.0.0.1:7262]
20:52:19.149 [Forwarding findElement on session 4ce0123a338f680df063d3c593b6bfa5 to remote] DEBUG org.asynchttpclient.netty.request.NettyRequestSender - Using pooled Channel '[id: 0xe306415c, L:/127.0.0.1:57663 - R:localhost/127.0.0.1:7262]' for 'POST' to 'http://localhost:7262/session/4ce0123a338f680df063d3c593b6bfa5/element'
20:52:19.149 [Forwarding findElement on session 4ce0123a338f680df063d3c593b6bfa5 to remote] DEBUG org.asynchttpclient.netty.request.NettyRequestSender - Using open Channel [id: 0xe306415c, L:/127.0.0.1:57663 - R:localhost/127.0.0.1:7262] for POST '/session/4ce0123a338f680df063d3c593b6bfa5/element'
20:52:19.171 [AsyncHttpClient-3-1] DEBUG org.asynchttpclient.netty.handler.HttpHandler - 

Request DefaultHttpRequest(decodeResult: success, version: HTTP/1.1)
POST /session/4ce0123a338f680df063d3c593b6bfa5/element HTTP/1.1
User-Agent: selenium/4.0.0-alpha-6 (java windows)
Content-Length: 62
Content-Type: application/json; charset=utf-8
host: localhost:7262
accept: */*

Response DefaultHttpResponse(decodeResult: success, version: HTTP/1.1)
HTTP/1.1 200 OK
Content-Length: 88
Content-Type: application/json; charset=utf-8
cache-control: no-cache

20:52:19.172 [AsyncHttpClient-3-1] DEBUG org.asynchttpclient.netty.channel.ChannelManager - Adding key: http://localhost:7262 for channel [id: 0xe306415c, L:/127.0.0.1:57663 - R:localhost/127.0.0.1:7262]
20:52:19.181 [Forwarding sendKeysToElement on session 4ce0123a338f680df063d3c593b6bfa5 to remote] DEBUG org.asynchttpclient.netty.request.NettyRequestSender - Using pooled Channel '[id: 0xe306415c, L:/127.0.0.1:57663 - R:localhost/127.0.0.1:7262]' for 'POST' to 'http://localhost:7262/session/4ce0123a338f680df063d3c593b6bfa5/element/02334aa8-23b0-483c-85f2-ff8b9ca209b0/value'
20:52:19.182 [Forwarding sendKeysToElement on session 4ce0123a338f680df063d3c593b6bfa5 to remote] DEBUG org.asynchttpclient.netty.request.NettyRequestSender - Using open Channel [id: 0xe306415c, L:/127.0.0.1:57663 - R:localhost/127.0.0.1:7262] for POST '/session/4ce0123a338f680df063d3c593b6bfa5/element/02334aa8-23b0-483c-85f2-ff8b9ca209b0/value'
20:52:19.286 [AsyncHttpClient-3-1] DEBUG org.asynchttpclient.netty.handler.HttpHandler - 

Request DefaultHttpRequest(decodeResult: success, version: HTTP/1.1)
POST /session/4ce0123a338f680df063d3c593b6bfa5/element/02334aa8-23b0-483c-85f2-ff8b9ca209b0/value HTTP/1.1
User-Agent: selenium/4.0.0-alpha-6 (java windows)
Content-Length: 251
Content-Type: application/json; charset=utf-8
host: localhost:7262
accept: */*

Response DefaultHttpResponse(decodeResult: success, version: HTTP/1.1)
HTTP/1.1 200 OK
Content-Length: 14
Content-Type: application/json; charset=utf-8
cache-control: no-cache

20:52:19.287 [AsyncHttpClient-3-1] DEBUG org.asynchttpclient.netty.channel.ChannelManager - Adding key: http://localhost:7262 for channel [id: 0xe306415c, L:/127.0.0.1:57663 - R:localhost/127.0.0.1:7262]
20:52:19.289 [Forwarding findElement on session 4ce0123a338f680df063d3c593b6bfa5 to remote] DEBUG org.asynchttpclient.netty.request.NettyRequestSender - Using pooled Channel '[id: 0xe306415c, L:/127.0.0.1:57663 - R:localhost/127.0.0.1:7262]' for 'POST' to 'http://localhost:7262/session/4ce0123a338f680df063d3c593b6bfa5/element'
20:52:19.289 [Forwarding findElement on session 4ce0123a338f680df063d3c593b6bfa5 to remote] DEBUG org.asynchttpclient.netty.request.NettyRequestSender - Using open Channel [id: 0xe306415c, L:/127.0.0.1:57663 - R:localhost/127.0.0.1:7262] for POST '/session/4ce0123a338f680df063d3c593b6bfa5/element'
20:52:19.330 [AsyncHttpClient-3-1] DEBUG org.asynchttpclient.netty.handler.HttpHandler - 

Request DefaultHttpRequest(decodeResult: success, version: HTTP/1.1)
POST /session/4ce0123a338f680df063d3c593b6bfa5/element HTTP/1.1
User-Agent: selenium/4.0.0-alpha-6 (java windows)
Content-Length: 59
Content-Type: application/json; charset=utf-8
host: localhost:7262
accept: */*

Response DefaultHttpResponse(decodeResult: success, version: HTTP/1.1)
HTTP/1.1 200 OK
Content-Length: 88
Content-Type: application/json; charset=utf-8
cache-control: no-cache

20:52:19.330 [AsyncHttpClient-3-1] DEBUG org.asynchttpclient.netty.channel.ChannelManager - Adding key: http://localhost:7262 for channel [id: 0xe306415c, L:/127.0.0.1:57663 - R:localhost/127.0.0.1:7262]
20:52:19.330 [Forwarding clickElement on session 4ce0123a338f680df063d3c593b6bfa5 to remote] DEBUG org.asynchttpclient.netty.request.NettyRequestSender - Using pooled Channel '[id: 0xe306415c, L:/127.0.0.1:57663 - R:localhost/127.0.0.1:7262]' for 'POST' to 'http://localhost:7262/session/4ce0123a338f680df063d3c593b6bfa5/element/f65ffd2e-5a04-4631-8c01-11c82b64fd02/click'
20:52:19.330 [Forwarding clickElement on session 4ce0123a338f680df063d3c593b6bfa5 to remote] DEBUG org.asynchttpclient.netty.request.NettyRequestSender - Using open Channel [id: 0xe306415c, L:/127.0.0.1:57663 - R:localhost/127.0.0.1:7262] for POST '/session/4ce0123a338f680df063d3c593b6bfa5/element/f65ffd2e-5a04-4631-8c01-11c82b64fd02/click'
20:52:19.401 [AsyncHttpClient-timer-1-1] DEBUG org.asynchttpclient.netty.channel.DefaultChannelPool - Entry count for : http://localhost:57664 : 1
20:52:19.438 [AsyncHttpClient-3-1] DEBUG org.asynchttpclient.netty.handler.HttpHandler - 

Request DefaultHttpRequest(decodeResult: success, version: HTTP/1.1)
POST /session/4ce0123a338f680df063d3c593b6bfa5/element/f65ffd2e-5a04-4631-8c01-11c82b64fd02/click HTTP/1.1
User-Agent: selenium/4.0.0-alpha-6 (java windows)
Content-Length: 50
Content-Type: application/json; charset=utf-8
host: localhost:7262
accept: */*

Response DefaultHttpResponse(decodeResult: success, version: HTTP/1.1)
HTTP/1.1 200 OK
Content-Length: 14
Content-Type: application/json; charset=utf-8
cache-control: no-cache

20:52:19.439 [AsyncHttpClient-3-1] DEBUG org.asynchttpclient.netty.channel.ChannelManager - Adding key: http://localhost:7262 for channel [id: 0xe306415c, L:/127.0.0.1:57663 - R:localhost/127.0.0.1:7262]
20:52:19.442 [Forwarding findElement on session 4ce0123a338f680df063d3c593b6bfa5 to remote] DEBUG org.asynchttpclient.netty.request.NettyRequestSender - Using pooled Channel '[id: 0xe306415c, L:/127.0.0.1:57663 - R:localhost/127.0.0.1:7262]' for 'POST' to 'http://localhost:7262/session/4ce0123a338f680df063d3c593b6bfa5/element'
20:52:19.443 [Forwarding findElement on session 4ce0123a338f680df063d3c593b6bfa5 to remote] DEBUG org.asynchttpclient.netty.request.NettyRequestSender - Using open Channel [id: 0xe306415c, L:/127.0.0.1:57663 - R:localhost/127.0.0.1:7262] for POST '/session/4ce0123a338f680df063d3c593b6bfa5/element'
20:52:19.471 [AsyncHttpClient-3-1] DEBUG org.asynchttpclient.netty.handler.HttpHandler - 

Request DefaultHttpRequest(decodeResult: success, version: HTTP/1.1)
POST /session/4ce0123a338f680df063d3c593b6bfa5/element HTTP/1.1
User-Agent: selenium/4.0.0-alpha-6 (java windows)
Content-Length: 59
Content-Type: application/json; charset=utf-8
host: localhost:7262
accept: */*

Response DefaultHttpResponse(decodeResult: success, version: HTTP/1.1)
HTTP/1.1 200 OK
Content-Length: 88
Content-Type: application/json; charset=utf-8
cache-control: no-cache

20:52:19.472 [AsyncHttpClient-3-1] DEBUG org.asynchttpclient.netty.channel.ChannelManager - Adding key: http://localhost:7262 for channel [id: 0xe306415c, L:/127.0.0.1:57663 - R:localhost/127.0.0.1:7262]
20:52:19.484 [Forwarding getElementAttribute on session 4ce0123a338f680df063d3c593b6bfa5 to remote] DEBUG org.asynchttpclient.netty.request.NettyRequestSender - Using pooled Channel '[id: 0xe306415c, L:/127.0.0.1:57663 - R:localhost/127.0.0.1:7262]' for 'POST' to 'http://localhost:7262/session/4ce0123a338f680df063d3c593b6bfa5/execute/sync'
20:52:19.484 [Forwarding getElementAttribute on session 4ce0123a338f680df063d3c593b6bfa5 to remote] DEBUG org.asynchttpclient.netty.request.NettyRequestSender - Using open Channel [id: 0xe306415c, L:/127.0.0.1:57663 - R:localhost/127.0.0.1:7262] for POST '/session/4ce0123a338f680df063d3c593b6bfa5/execute/sync'
20:52:19.553 [AsyncHttpClient-3-1] DEBUG org.asynchttpclient.netty.handler.HttpHandler - 

Request DefaultHttpRequest(decodeResult: success, version: HTTP/1.1)
POST /session/4ce0123a338f680df063d3c593b6bfa5/execute/sync HTTP/1.1
User-Agent: selenium/4.0.0-alpha-6 (java windows)
Content-Length: 39635
Content-Type: application/json; charset=utf-8
host: localhost:7262
accept: */*

Response DefaultHttpResponse(decodeResult: success, version: HTTP/1.1)
HTTP/1.1 200 OK
Content-Length: 12
Content-Type: application/json; charset=utf-8
cache-control: no-cache

20:52:19.554 [AsyncHttpClient-3-1] DEBUG org.asynchttpclient.netty.channel.ChannelManager - Adding key: http://localhost:7262 for channel [id: 0xe306415c, L:/127.0.0.1:57663 - R:localhost/127.0.0.1:7262]
20:52:19.557 [Forwarding findElement on session 4ce0123a338f680df063d3c593b6bfa5 to remote] DEBUG org.asynchttpclient.netty.request.NettyRequestSender - Using pooled Channel '[id: 0xe306415c, L:/127.0.0.1:57663 - R:localhost/127.0.0.1:7262]' for 'POST' to 'http://localhost:7262/session/4ce0123a338f680df063d3c593b6bfa5/element'
20:52:19.557 [Forwarding findElement on session 4ce0123a338f680df063d3c593b6bfa5 to remote] DEBUG org.asynchttpclient.netty.request.NettyRequestSender - Using open Channel [id: 0xe306415c, L:/127.0.0.1:57663 - R:localhost/127.0.0.1:7262] for POST '/session/4ce0123a338f680df063d3c593b6bfa5/element'
20:52:19.577 [AsyncHttpClient-3-1] DEBUG org.asynchttpclient.netty.handler.HttpHandler - 

Request DefaultHttpRequest(decodeResult: success, version: HTTP/1.1)
POST /session/4ce0123a338f680df063d3c593b6bfa5/element HTTP/1.1
User-Agent: selenium/4.0.0-alpha-6 (java windows)
Content-Length: 59
Content-Type: application/json; charset=utf-8
host: localhost:7262
accept: */*

Response DefaultHttpResponse(decodeResult: success, version: HTTP/1.1)
HTTP/1.1 200 OK
Content-Length: 88
Content-Type: application/json; charset=utf-8
cache-control: no-cache

20:52:19.578 [AsyncHttpClient-3-1] DEBUG org.asynchttpclient.netty.channel.ChannelManager - Adding key: http://localhost:7262 for channel [id: 0xe306415c, L:/127.0.0.1:57663 - R:localhost/127.0.0.1:7262]
20:52:19.578 [Forwarding clearElement on session 4ce0123a338f680df063d3c593b6bfa5 to remote] DEBUG org.asynchttpclient.netty.request.NettyRequestSender - Using pooled Channel '[id: 0xe306415c, L:/127.0.0.1:57663 - R:localhost/127.0.0.1:7262]' for 'POST' to 'http://localhost:7262/session/4ce0123a338f680df063d3c593b6bfa5/element/f65ffd2e-5a04-4631-8c01-11c82b64fd02/clear'
20:52:19.578 [Forwarding clearElement on session 4ce0123a338f680df063d3c593b6bfa5 to remote] DEBUG org.asynchttpclient.netty.request.NettyRequestSender - Using open Channel [id: 0xe306415c, L:/127.0.0.1:57663 - R:localhost/127.0.0.1:7262] for POST '/session/4ce0123a338f680df063d3c593b6bfa5/element/f65ffd2e-5a04-4631-8c01-11c82b64fd02/clear'
20:52:19.631 [AsyncHttpClient-3-1] DEBUG org.asynchttpclient.netty.handler.HttpHandler - 

Request DefaultHttpRequest(decodeResult: success, version: HTTP/1.1)
POST /session/4ce0123a338f680df063d3c593b6bfa5/element/f65ffd2e-5a04-4631-8c01-11c82b64fd02/clear HTTP/1.1
User-Agent: selenium/4.0.0-alpha-6 (java windows)
Content-Length: 50
Content-Type: application/json; charset=utf-8
host: localhost:7262
accept: */*

Response DefaultHttpResponse(decodeResult: success, version: HTTP/1.1)
HTTP/1.1 200 OK
Content-Length: 14
Content-Type: application/json; charset=utf-8
cache-control: no-cache

20:52:19.631 [AsyncHttpClient-3-1] DEBUG org.asynchttpclient.netty.channel.ChannelManager - Adding key: http://localhost:7262 for channel [id: 0xe306415c, L:/127.0.0.1:57663 - R:localhost/127.0.0.1:7262]
20:52:19.631 [Forwarding findElement on session 4ce0123a338f680df063d3c593b6bfa5 to remote] DEBUG org.asynchttpclient.netty.request.NettyRequestSender - Using pooled Channel '[id: 0xe306415c, L:/127.0.0.1:57663 - R:localhost/127.0.0.1:7262]' for 'POST' to 'http://localhost:7262/session/4ce0123a338f680df063d3c593b6bfa5/element'
20:52:19.631 [Forwarding findElement on session 4ce0123a338f680df063d3c593b6bfa5 to remote] DEBUG org.asynchttpclient.netty.request.NettyRequestSender - Using open Channel [id: 0xe306415c, L:/127.0.0.1:57663 - R:localhost/127.0.0.1:7262] for POST '/session/4ce0123a338f680df063d3c593b6bfa5/element'
20:52:19.654 [AsyncHttpClient-3-1] DEBUG org.asynchttpclient.netty.handler.HttpHandler - 

Request DefaultHttpRequest(decodeResult: success, version: HTTP/1.1)
POST /session/4ce0123a338f680df063d3c593b6bfa5/element HTTP/1.1
User-Agent: selenium/4.0.0-alpha-6 (java windows)
Content-Length: 59
Content-Type: application/json; charset=utf-8
host: localhost:7262
accept: */*

Response DefaultHttpResponse(decodeResult: success, version: HTTP/1.1)
HTTP/1.1 200 OK
Content-Length: 88
Content-Type: application/json; charset=utf-8
cache-control: no-cache

20:52:19.654 [AsyncHttpClient-3-1] DEBUG org.asynchttpclient.netty.channel.ChannelManager - Adding key: http://localhost:7262 for channel [id: 0xe306415c, L:/127.0.0.1:57663 - R:localhost/127.0.0.1:7262]
20:52:19.660 [Forwarding sendKeysToElement on session 4ce0123a338f680df063d3c593b6bfa5 to remote] DEBUG org.asynchttpclient.netty.request.NettyRequestSender - Using pooled Channel '[id: 0xe306415c, L:/127.0.0.1:57663 - R:localhost/127.0.0.1:7262]' for 'POST' to 'http://localhost:7262/session/4ce0123a338f680df063d3c593b6bfa5/element/f65ffd2e-5a04-4631-8c01-11c82b64fd02/value'
20:52:19.660 [Forwarding sendKeysToElement on session 4ce0123a338f680df063d3c593b6bfa5 to remote] DEBUG org.asynchttpclient.netty.request.NettyRequestSender - Using open Channel [id: 0xe306415c, L:/127.0.0.1:57663 - R:localhost/127.0.0.1:7262] for POST '/session/4ce0123a338f680df063d3c593b6bfa5/element/f65ffd2e-5a04-4631-8c01-11c82b64fd02/value'
20:52:19.794 [AsyncHttpClient-3-1] DEBUG org.asynchttpclient.netty.handler.HttpHandler - 

Request DefaultHttpRequest(decodeResult: success, version: HTTP/1.1)
POST /session/4ce0123a338f680df063d3c593b6bfa5/element/f65ffd2e-5a04-4631-8c01-11c82b64fd02/value HTTP/1.1
User-Agent: selenium/4.0.0-alpha-6 (java windows)
Content-Length: 351
Content-Type: application/json; charset=utf-8
host: localhost:7262
accept: */*

Response DefaultHttpResponse(decodeResult: success, version: HTTP/1.1)
HTTP/1.1 200 OK
Content-Length: 14
Content-Type: application/json; charset=utf-8
cache-control: no-cache

20:52:19.795 [AsyncHttpClient-3-1] DEBUG org.asynchttpclient.netty.channel.ChannelManager - Adding key: http://localhost:7262 for channel [id: 0xe306415c, L:/127.0.0.1:57663 - R:localhost/127.0.0.1:7262]
20:52:19.797 [Forwarding findElement on session 4ce0123a338f680df063d3c593b6bfa5 to remote] DEBUG org.asynchttpclient.netty.request.NettyRequestSender - Using pooled Channel '[id: 0xe306415c, L:/127.0.0.1:57663 - R:localhost/127.0.0.1:7262]' for 'POST' to 'http://localhost:7262/session/4ce0123a338f680df063d3c593b6bfa5/element'
20:52:19.798 [Forwarding findElement on session 4ce0123a338f680df063d3c593b6bfa5 to remote] DEBUG org.asynchttpclient.netty.request.NettyRequestSender - Using open Channel [id: 0xe306415c, L:/127.0.0.1:57663 - R:localhost/127.0.0.1:7262] for POST '/session/4ce0123a338f680df063d3c593b6bfa5/element'
20:52:19.830 [AsyncHttpClient-3-1] DEBUG org.asynchttpclient.netty.handler.HttpHandler - 

Request DefaultHttpRequest(decodeResult: success, version: HTTP/1.1)
POST /session/4ce0123a338f680df063d3c593b6bfa5/element HTTP/1.1
User-Agent: selenium/4.0.0-alpha-6 (java windows)
Content-Length: 65
Content-Type: application/json; charset=utf-8
host: localhost:7262
accept: */*

Response DefaultHttpResponse(decodeResult: success, version: HTTP/1.1)
HTTP/1.1 200 OK
Content-Length: 88
Content-Type: application/json; charset=utf-8
cache-control: no-cache

20:52:19.832 [AsyncHttpClient-3-1] DEBUG org.asynchttpclient.netty.channel.ChannelManager - Adding key: http://localhost:7262 for channel [id: 0xe306415c, L:/127.0.0.1:57663 - R:localhost/127.0.0.1:7262]
20:52:19.832 [Forwarding clickElement on session 4ce0123a338f680df063d3c593b6bfa5 to remote] DEBUG org.asynchttpclient.netty.request.NettyRequestSender - Using pooled Channel '[id: 0xe306415c, L:/127.0.0.1:57663 - R:localhost/127.0.0.1:7262]' for 'POST' to 'http://localhost:7262/session/4ce0123a338f680df063d3c593b6bfa5/element/7dcd8ed9-f982-4ff1-b82e-958b5a65c9a4/click'
20:52:19.832 [Forwarding clickElement on session 4ce0123a338f680df063d3c593b6bfa5 to remote] DEBUG org.asynchttpclient.netty.request.NettyRequestSender - Using open Channel [id: 0xe306415c, L:/127.0.0.1:57663 - R:localhost/127.0.0.1:7262] for POST '/session/4ce0123a338f680df063d3c593b6bfa5/element/7dcd8ed9-f982-4ff1-b82e-958b5a65c9a4/click'
20:52:20.470 [AsyncHttpClient-3-1] DEBUG org.asynchttpclient.netty.handler.HttpHandler - 

Request DefaultHttpRequest(decodeResult: success, version: HTTP/1.1)
POST /session/4ce0123a338f680df063d3c593b6bfa5/element/7dcd8ed9-f982-4ff1-b82e-958b5a65c9a4/click HTTP/1.1
User-Agent: selenium/4.0.0-alpha-6 (java windows)
Content-Length: 50
Content-Type: application/json; charset=utf-8
host: localhost:7262
accept: */*

Response DefaultHttpResponse(decodeResult: success, version: HTTP/1.1)
HTTP/1.1 200 OK
Content-Length: 14
Content-Type: application/json; charset=utf-8
cache-control: no-cache

20:52:20.470 [AsyncHttpClient-3-1] DEBUG org.asynchttpclient.netty.channel.ChannelManager - Adding key: http://localhost:7262 for channel [id: 0xe306415c, L:/127.0.0.1:57663 - R:localhost/127.0.0.1:7262]
20:52:20.501 [AsyncHttpClient-timer-1-1] DEBUG org.asynchttpclient.netty.channel.DefaultChannelPool - Entry count for : http://localhost:57664 : 1
20:52:20.502 [AsyncHttpClient-timer-1-1] DEBUG org.asynchttpclient.netty.channel.DefaultChannelPool - Entry count for : http://localhost:7262 : 1
20:52:21.601 [AsyncHttpClient-timer-1-1] DEBUG org.asynchttpclient.netty.channel.DefaultChannelPool - Entry count for : http://localhost:57664 : 1
20:52:21.601 [AsyncHttpClient-timer-1-1] DEBUG org.asynchttpclient.netty.channel.DefaultChannelPool - Entry count for : http://localhost:7262 : 1
20:52:22.701 [AsyncHttpClient-timer-1-1] DEBUG org.asynchttpclient.netty.channel.DefaultChannelPool - Entry count for : http://localhost:57664 : 1
20:52:22.701 [AsyncHttpClient-timer-1-1] DEBUG org.asynchttpclient.netty.channel.DefaultChannelPool - Entry count for : http://localhost:7262 : 1
20:52:23.802 [AsyncHttpClient-timer-1-1] DEBUG org.asynchttpclient.netty.channel.DefaultChannelPool - Entry count for : http://localhost:57664 : 1
20:52:23.802 [AsyncHttpClient-timer-1-1] DEBUG org.asynchttpclient.netty.channel.DefaultChannelPool - Entry count for : http://localhost:7262 : 1
20:52:24.910 [AsyncHttpClient-timer-1-1] DEBUG org.asynchttpclient.netty.channel.DefaultChannelPool - Entry count for : http://localhost:57664 : 1
20:52:24.910 [AsyncHttpClient-timer-1-1] DEBUG org.asynchttpclient.netty.channel.DefaultChannelPool - Entry count for : http://localhost:7262 : 1
20:52:26.000 [AsyncHttpClient-timer-1-1] DEBUG org.asynchttpclient.netty.channel.DefaultChannelPool - Entry count for : http://localhost:57664 : 1
20:52:26.000 [AsyncHttpClient-timer-1-1] DEBUG org.asynchttpclient.netty.channel.DefaultChannelPool - Entry count for : http://localhost:7262 : 1
20:52:27.110 [AsyncHttpClient-timer-1-1] DEBUG org.asynchttpclient.netty.channel.DefaultChannelPool - Entry count for : http://localhost:57664 : 1
20:52:27.110 [AsyncHttpClient-timer-1-1] DEBUG org.asynchttpclient.netty.channel.DefaultChannelPool - Entry count for : http://localhost:7262 : 1
20:52:28.200 [AsyncHttpClient-timer-1-1] DEBUG org.asynchttpclient.netty.channel.DefaultChannelPool - Entry count for : http://localhost:57664 : 1
20:52:28.200 [AsyncHttpClient-timer-1-1] DEBUG org.asynchttpclient.netty.channel.DefaultChannelPool - Entry count for : http://localhost:7262 : 1
20:52:29.300 [AsyncHttpClient-timer-1-1] DEBUG org.asynchttpclient.netty.channel.DefaultChannelPool - Entry count for : http://localhost:57664 : 1
20:52:29.300 [AsyncHttpClient-timer-1-1] DEBUG org.asynchttpclient.netty.channel.DefaultChannelPool - Entry count for : http://localhost:7262 : 1
20:52:30.410 [AsyncHttpClient-timer-1-1] DEBUG org.asynchttpclient.netty.channel.DefaultChannelPool - Entry count for : http://localhost:57664 : 1
20:52:30.410 [AsyncHttpClient-timer-1-1] DEBUG org.asynchttpclient.netty.channel.DefaultChannelPool - Entry count for : http://localhost:7262 : 1
20:52:31.501 [AsyncHttpClient-timer-1-1] DEBUG org.asynchttpclient.netty.channel.DefaultChannelPool - Entry count for : http://localhost:57664 : 1
20:52:31.501 [AsyncHttpClient-timer-1-1] DEBUG org.asynchttpclient.netty.channel.DefaultChannelPool - Entry count for : http://localhost:7262 : 1
20:52:32.601 [AsyncHttpClient-timer-1-1] DEBUG org.asynchttpclient.netty.channel.DefaultChannelPool - Entry count for : http://localhost:57664 : 1
20:52:32.601 [AsyncHttpClient-timer-1-1] DEBUG org.asynchttpclient.netty.channel.DefaultChannelPool - Entry count for : http://localhost:7262 : 1
20:52:33.701 [AsyncHttpClient-timer-1-1] DEBUG org.asynchttpclient.netty.channel.DefaultChannelPool - Entry count for : http://localhost:57664 : 1
20:52:33.701 [AsyncHttpClient-timer-1-1] DEBUG org.asynchttpclient.netty.channel.DefaultChannelPool - Entry count for : http://localhost:7262 : 1
20:52:34.801 [AsyncHttpClient-timer-1-1] DEBUG org.asynchttpclient.netty.channel.DefaultChannelPool - Entry count for : http://localhost:57664 : 1
20:52:34.801 [AsyncHttpClient-timer-1-1] DEBUG org.asynchttpclient.netty.channel.DefaultChannelPool - Entry count for : http://localhost:7262 : 1
20:52:35.911 [AsyncHttpClient-timer-1-1] DEBUG org.asynchttpclient.netty.channel.DefaultChannelPool - Entry count for : http://localhost:57664 : 1
20:52:35.911 [AsyncHttpClient-timer-1-1] DEBUG org.asynchttpclient.netty.channel.DefaultChannelPool - Entry count for : http://localhost:7262 : 1
20:52:37.001 [AsyncHttpClient-timer-1-1] DEBUG org.asynchttpclient.netty.channel.DefaultChannelPool - Entry count for : http://localhost:57664 : 1
20:52:37.001 [AsyncHttpClient-timer-1-1] DEBUG org.asynchttpclient.netty.channel.DefaultChannelPool - Entry count for : http://localhost:7262 : 1
20:52:38.111 [AsyncHttpClient-timer-1-1] DEBUG org.asynchttpclient.netty.channel.DefaultChannelPool - Entry count for : http://localhost:57664 : 1
20:52:38.111 [AsyncHttpClient-timer-1-1] DEBUG org.asynchttpclient.netty.channel.DefaultChannelPool - Entry count for : http://localhost:7262 : 1
20:52:39.201 [AsyncHttpClient-timer-1-1] DEBUG org.asynchttpclient.netty.channel.DefaultChannelPool - Entry count for : http://localhost:57664 : 1
20:52:39.201 [AsyncHttpClient-timer-1-1] DEBUG org.asynchttpclient.netty.channel.DefaultChannelPool - Entry count for : http://localhost:7262 : 1
20:52:40.301 [AsyncHttpClient-timer-1-1] DEBUG org.asynchttpclient.netty.channel.DefaultChannelPool - Entry count for : http://localhost:57664 : 1
20:52:40.301 [AsyncHttpClient-timer-1-1] DEBUG org.asynchttpclient.netty.channel.DefaultChannelPool - Entry count for : http://localhost:7262 : 1
20:52:40.821 [Forwarding get on session 4ce0123a338f680df063d3c593b6bfa5 to remote] DEBUG org.asynchttpclient.netty.request.NettyRequestSender - Using pooled Channel '[id: 0xe306415c, L:/127.0.0.1:57663 - R:localhost/127.0.0.1:7262]' for 'POST' to 'http://localhost:7262/session/4ce0123a338f680df063d3c593b6bfa5/url'
20:52:40.821 [Forwarding get on session 4ce0123a338f680df063d3c593b6bfa5 to remote] DEBUG org.asynchttpclient.netty.request.NettyRequestSender - Using open Channel [id: 0xe306415c, L:/127.0.0.1:57663 - R:localhost/127.0.0.1:7262] for POST '/session/4ce0123a338f680df063d3c593b6bfa5/url'
20:52:41.288 [AsyncHttpClient-3-1] DEBUG org.asynchttpclient.netty.handler.HttpHandler - 

Request DefaultHttpRequest(decodeResult: success, version: HTTP/1.1)
POST /session/4ce0123a338f680df063d3c593b6bfa5/url HTTP/1.1
User-Agent: selenium/4.0.0-alpha-6 (java windows)
Content-Length: 187
Content-Type: application/json; charset=utf-8
host: localhost:7262
accept: */*

Response DefaultHttpResponse(decodeResult: success, version: HTTP/1.1)
HTTP/1.1 200 OK
Content-Length: 14
Content-Type: application/json; charset=utf-8
cache-control: no-cache

20:52:41.288 [AsyncHttpClient-3-1] DEBUG org.asynchttpclient.netty.channel.ChannelManager - Adding key: http://localhost:7262 for channel [id: 0xe306415c, L:/127.0.0.1:57663 - R:localhost/127.0.0.1:7262]
20:52:41.291 [Forwarding findElement on session 4ce0123a338f680df063d3c593b6bfa5 to remote] DEBUG org.asynchttpclient.netty.request.NettyRequestSender - Using pooled Channel '[id: 0xe306415c, L:/127.0.0.1:57663 - R:localhost/127.0.0.1:7262]' for 'POST' to 'http://localhost:7262/session/4ce0123a338f680df063d3c593b6bfa5/element'
20:52:41.291 [Forwarding findElement on session 4ce0123a338f680df063d3c593b6bfa5 to remote] DEBUG org.asynchttpclient.netty.request.NettyRequestSender - Using open Channel [id: 0xe306415c, L:/127.0.0.1:57663 - R:localhost/127.0.0.1:7262] for POST '/session/4ce0123a338f680df063d3c593b6bfa5/element'
20:52:41.325 [AsyncHttpClient-3-1] DEBUG org.asynchttpclient.netty.handler.HttpHandler - 

Request DefaultHttpRequest(decodeResult: success, version: HTTP/1.1)
POST /session/4ce0123a338f680df063d3c593b6bfa5/element HTTP/1.1
User-Agent: selenium/4.0.0-alpha-6 (java windows)
Content-Length: 62
Content-Type: application/json; charset=utf-8
host: localhost:7262
accept: */*

Response DefaultHttpResponse(decodeResult: success, version: HTTP/1.1)
HTTP/1.1 200 OK
Content-Length: 88
Content-Type: application/json; charset=utf-8
cache-control: no-cache

20:52:41.325 [AsyncHttpClient-3-1] DEBUG org.asynchttpclient.netty.channel.ChannelManager - Adding key: http://localhost:7262 for channel [id: 0xe306415c, L:/127.0.0.1:57663 - R:localhost/127.0.0.1:7262]
20:52:41.327 [Forwarding clickElement on session 4ce0123a338f680df063d3c593b6bfa5 to remote] DEBUG org.asynchttpclient.netty.request.NettyRequestSender - Using pooled Channel '[id: 0xe306415c, L:/127.0.0.1:57663 - R:localhost/127.0.0.1:7262]' for 'POST' to 'http://localhost:7262/session/4ce0123a338f680df063d3c593b6bfa5/element/f830f0c9-0ab3-4410-8bde-ab702b9d093b/click'
20:52:41.327 [Forwarding clickElement on session 4ce0123a338f680df063d3c593b6bfa5 to remote] DEBUG org.asynchttpclient.netty.request.NettyRequestSender - Using open Channel [id: 0xe306415c, L:/127.0.0.1:57663 - R:localhost/127.0.0.1:7262] for POST '/session/4ce0123a338f680df063d3c593b6bfa5/element/f830f0c9-0ab3-4410-8bde-ab702b9d093b/click'
20:52:41.401 [AsyncHttpClient-timer-1-1] DEBUG org.asynchttpclient.netty.channel.DefaultChannelPool - Entry count for : http://localhost:57664 : 1
20:52:41.418 [AsyncHttpClient-3-1] DEBUG org.asynchttpclient.netty.handler.HttpHandler - 

Request DefaultHttpRequest(decodeResult: success, version: HTTP/1.1)
POST /session/4ce0123a338f680df063d3c593b6bfa5/element/f830f0c9-0ab3-4410-8bde-ab702b9d093b/click HTTP/1.1
User-Agent: selenium/4.0.0-alpha-6 (java windows)
Content-Length: 50
Content-Type: application/json; charset=utf-8
host: localhost:7262
accept: */*

Response DefaultHttpResponse(decodeResult: success, version: HTTP/1.1)
HTTP/1.1 200 OK
Content-Length: 14
Content-Type: application/json; charset=utf-8
cache-control: no-cache

20:52:41.419 [AsyncHttpClient-3-1] DEBUG org.asynchttpclient.netty.channel.ChannelManager - Adding key: http://localhost:7262 for channel [id: 0xe306415c, L:/127.0.0.1:57663 - R:localhost/127.0.0.1:7262]
20:52:41.422 [Forwarding findElement on session 4ce0123a338f680df063d3c593b6bfa5 to remote] DEBUG org.asynchttpclient.netty.request.NettyRequestSender - Using pooled Channel '[id: 0xe306415c, L:/127.0.0.1:57663 - R:localhost/127.0.0.1:7262]' for 'POST' to 'http://localhost:7262/session/4ce0123a338f680df063d3c593b6bfa5/element'
20:52:41.422 [Forwarding findElement on session 4ce0123a338f680df063d3c593b6bfa5 to remote] DEBUG org.asynchttpclient.netty.request.NettyRequestSender - Using open Channel [id: 0xe306415c, L:/127.0.0.1:57663 - R:localhost/127.0.0.1:7262] for POST '/session/4ce0123a338f680df063d3c593b6bfa5/element'
20:52:41.445 [AsyncHttpClient-3-1] DEBUG org.asynchttpclient.netty.handler.HttpHandler - 

Request DefaultHttpRequest(decodeResult: success, version: HTTP/1.1)
POST /session/4ce0123a338f680df063d3c593b6bfa5/element HTTP/1.1
User-Agent: selenium/4.0.0-alpha-6 (java windows)
Content-Length: 62
Content-Type: application/json; charset=utf-8
host: localhost:7262
accept: */*

Response DefaultHttpResponse(decodeResult: success, version: HTTP/1.1)
HTTP/1.1 200 OK
Content-Length: 88
Content-Type: application/json; charset=utf-8
cache-control: no-cache

20:52:41.446 [AsyncHttpClient-3-1] DEBUG org.asynchttpclient.netty.channel.ChannelManager - Adding key: http://localhost:7262 for channel [id: 0xe306415c, L:/127.0.0.1:57663 - R:localhost/127.0.0.1:7262]
20:52:41.455 [Forwarding getElementAttribute on session 4ce0123a338f680df063d3c593b6bfa5 to remote] DEBUG org.asynchttpclient.netty.request.NettyRequestSender - Using pooled Channel '[id: 0xe306415c, L:/127.0.0.1:57663 - R:localhost/127.0.0.1:7262]' for 'POST' to 'http://localhost:7262/session/4ce0123a338f680df063d3c593b6bfa5/execute/sync'
20:52:41.455 [Forwarding getElementAttribute on session 4ce0123a338f680df063d3c593b6bfa5 to remote] DEBUG org.asynchttpclient.netty.request.NettyRequestSender - Using open Channel [id: 0xe306415c, L:/127.0.0.1:57663 - R:localhost/127.0.0.1:7262] for POST '/session/4ce0123a338f680df063d3c593b6bfa5/execute/sync'
20:52:41.519 [AsyncHttpClient-3-1] DEBUG org.asynchttpclient.netty.handler.HttpHandler - 

Request DefaultHttpRequest(decodeResult: success, version: HTTP/1.1)
POST /session/4ce0123a338f680df063d3c593b6bfa5/execute/sync HTTP/1.1
User-Agent: selenium/4.0.0-alpha-6 (java windows)
Content-Length: 39635
Content-Type: application/json; charset=utf-8
host: localhost:7262
accept: */*

Response DefaultHttpResponse(decodeResult: success, version: HTTP/1.1)
HTTP/1.1 200 OK
Content-Length: 12
Content-Type: application/json; charset=utf-8
cache-control: no-cache

20:52:41.519 [AsyncHttpClient-3-1] DEBUG org.asynchttpclient.netty.channel.ChannelManager - Adding key: http://localhost:7262 for channel [id: 0xe306415c, L:/127.0.0.1:57663 - R:localhost/127.0.0.1:7262]
20:52:41.522 [Forwarding findElement on session 4ce0123a338f680df063d3c593b6bfa5 to remote] DEBUG org.asynchttpclient.netty.request.NettyRequestSender - Using pooled Channel '[id: 0xe306415c, L:/127.0.0.1:57663 - R:localhost/127.0.0.1:7262]' for 'POST' to 'http://localhost:7262/session/4ce0123a338f680df063d3c593b6bfa5/element'
20:52:41.522 [Forwarding findElement on session 4ce0123a338f680df063d3c593b6bfa5 to remote] DEBUG org.asynchttpclient.netty.request.NettyRequestSender - Using open Channel [id: 0xe306415c, L:/127.0.0.1:57663 - R:localhost/127.0.0.1:7262] for POST '/session/4ce0123a338f680df063d3c593b6bfa5/element'
20:52:41.538 [AsyncHttpClient-3-1] DEBUG org.asynchttpclient.netty.handler.HttpHandler - 

Request DefaultHttpRequest(decodeResult: success, version: HTTP/1.1)
POST /session/4ce0123a338f680df063d3c593b6bfa5/element HTTP/1.1
User-Agent: selenium/4.0.0-alpha-6 (java windows)
Content-Length: 62
Content-Type: application/json; charset=utf-8
host: localhost:7262
accept: */*

Response DefaultHttpResponse(decodeResult: success, version: HTTP/1.1)
HTTP/1.1 200 OK
Content-Length: 88
Content-Type: application/json; charset=utf-8
cache-control: no-cache

20:52:41.538 [AsyncHttpClient-3-1] DEBUG org.asynchttpclient.netty.channel.ChannelManager - Adding key: http://localhost:7262 for channel [id: 0xe306415c, L:/127.0.0.1:57663 - R:localhost/127.0.0.1:7262]
20:52:41.538 [Forwarding clearElement on session 4ce0123a338f680df063d3c593b6bfa5 to remote] DEBUG org.asynchttpclient.netty.request.NettyRequestSender - Using pooled Channel '[id: 0xe306415c, L:/127.0.0.1:57663 - R:localhost/127.0.0.1:7262]' for 'POST' to 'http://localhost:7262/session/4ce0123a338f680df063d3c593b6bfa5/element/f830f0c9-0ab3-4410-8bde-ab702b9d093b/clear'
20:52:41.538 [Forwarding clearElement on session 4ce0123a338f680df063d3c593b6bfa5 to remote] DEBUG org.asynchttpclient.netty.request.NettyRequestSender - Using open Channel [id: 0xe306415c, L:/127.0.0.1:57663 - R:localhost/127.0.0.1:7262] for POST '/session/4ce0123a338f680df063d3c593b6bfa5/element/f830f0c9-0ab3-4410-8bde-ab702b9d093b/clear'
20:52:41.598 [AsyncHttpClient-3-1] DEBUG org.asynchttpclient.netty.handler.HttpHandler - 

Request DefaultHttpRequest(decodeResult: success, version: HTTP/1.1)
POST /session/4ce0123a338f680df063d3c593b6bfa5/element/f830f0c9-0ab3-4410-8bde-ab702b9d093b/clear HTTP/1.1
User-Agent: selenium/4.0.0-alpha-6 (java windows)
Content-Length: 50
Content-Type: application/json; charset=utf-8
host: localhost:7262
accept: */*

Response DefaultHttpResponse(decodeResult: success, version: HTTP/1.1)
HTTP/1.1 200 OK
Content-Length: 14
Content-Type: application/json; charset=utf-8
cache-control: no-cache

20:52:41.598 [AsyncHttpClient-3-1] DEBUG org.asynchttpclient.netty.channel.ChannelManager - Adding key: http://localhost:7262 for channel [id: 0xe306415c, L:/127.0.0.1:57663 - R:localhost/127.0.0.1:7262]
20:52:41.600 [Forwarding findElement on session 4ce0123a338f680df063d3c593b6bfa5 to remote] DEBUG org.asynchttpclient.netty.request.NettyRequestSender - Using pooled Channel '[id: 0xe306415c, L:/127.0.0.1:57663 - R:localhost/127.0.0.1:7262]' for 'POST' to 'http://localhost:7262/session/4ce0123a338f680df063d3c593b6bfa5/element'
20:52:41.600 [Forwarding findElement on session 4ce0123a338f680df063d3c593b6bfa5 to remote] DEBUG org.asynchttpclient.netty.request.NettyRequestSender - Using open Channel [id: 0xe306415c, L:/127.0.0.1:57663 - R:localhost/127.0.0.1:7262] for POST '/session/4ce0123a338f680df063d3c593b6bfa5/element'
20:52:41.614 [AsyncHttpClient-3-1] DEBUG org.asynchttpclient.netty.handler.HttpHandler - 

Request DefaultHttpRequest(decodeResult: success, version: HTTP/1.1)
POST /session/4ce0123a338f680df063d3c593b6bfa5/element HTTP/1.1
User-Agent: selenium/4.0.0-alpha-6 (java windows)
Content-Length: 62
Content-Type: application/json; charset=utf-8
host: localhost:7262
accept: */*

Response DefaultHttpResponse(decodeResult: success, version: HTTP/1.1)
HTTP/1.1 200 OK
Content-Length: 88
Content-Type: application/json; charset=utf-8
cache-control: no-cache

20:52:41.614 [AsyncHttpClient-3-1] DEBUG org.asynchttpclient.netty.channel.ChannelManager - Adding key: http://localhost:7262 for channel [id: 0xe306415c, L:/127.0.0.1:57663 - R:localhost/127.0.0.1:7262]
20:52:41.624 [Forwarding sendKeysToElement on session 4ce0123a338f680df063d3c593b6bfa5 to remote] DEBUG org.asynchttpclient.netty.request.NettyRequestSender - Using pooled Channel '[id: 0xe306415c, L:/127.0.0.1:57663 - R:localhost/127.0.0.1:7262]' for 'POST' to 'http://localhost:7262/session/4ce0123a338f680df063d3c593b6bfa5/element/f830f0c9-0ab3-4410-8bde-ab702b9d093b/value'
20:52:41.624 [Forwarding sendKeysToElement on session 4ce0123a338f680df063d3c593b6bfa5 to remote] DEBUG org.asynchttpclient.netty.request.NettyRequestSender - Using open Channel [id: 0xe306415c, L:/127.0.0.1:57663 - R:localhost/127.0.0.1:7262] for POST '/session/4ce0123a338f680df063d3c593b6bfa5/element/f830f0c9-0ab3-4410-8bde-ab702b9d093b/value'
20:52:41.700 [AsyncHttpClient-3-1] DEBUG org.asynchttpclient.netty.handler.HttpHandler - 

Request DefaultHttpRequest(decodeResult: success, version: HTTP/1.1)
POST /session/4ce0123a338f680df063d3c593b6bfa5/element/f830f0c9-0ab3-4410-8bde-ab702b9d093b/value HTTP/1.1
User-Agent: selenium/4.0.0-alpha-6 (java windows)
Content-Length: 161
Content-Type: application/json; charset=utf-8
host: localhost:7262
accept: */*

Response DefaultHttpResponse(decodeResult: success, version: HTTP/1.1)
HTTP/1.1 200 OK
Content-Length: 14
Content-Type: application/json; charset=utf-8
cache-control: no-cache

20:52:41.701 [AsyncHttpClient-3-1] DEBUG org.asynchttpclient.netty.channel.ChannelManager - Adding key: http://localhost:7262 for channel [id: 0xe306415c, L:/127.0.0.1:57663 - R:localhost/127.0.0.1:7262]
20:52:41.703 [Forwarding findElement on session 4ce0123a338f680df063d3c593b6bfa5 to remote] DEBUG org.asynchttpclient.netty.request.NettyRequestSender - Using pooled Channel '[id: 0xe306415c, L:/127.0.0.1:57663 - R:localhost/127.0.0.1:7262]' for 'POST' to 'http://localhost:7262/session/4ce0123a338f680df063d3c593b6bfa5/element'
20:52:41.703 [Forwarding findElement on session 4ce0123a338f680df063d3c593b6bfa5 to remote] DEBUG org.asynchttpclient.netty.request.NettyRequestSender - Using open Channel [id: 0xe306415c, L:/127.0.0.1:57663 - R:localhost/127.0.0.1:7262] for POST '/session/4ce0123a338f680df063d3c593b6bfa5/element'
20:52:41.737 [AsyncHttpClient-3-1] DEBUG org.asynchttpclient.netty.handler.HttpHandler - 

Request DefaultHttpRequest(decodeResult: success, version: HTTP/1.1)
POST /session/4ce0123a338f680df063d3c593b6bfa5/element HTTP/1.1
User-Agent: selenium/4.0.0-alpha-6 (java windows)
Content-Length: 70
Content-Type: application/json; charset=utf-8
host: localhost:7262
accept: */*

Response DefaultHttpResponse(decodeResult: success, version: HTTP/1.1)
HTTP/1.1 200 OK
Content-Length: 88
Content-Type: application/json; charset=utf-8
cache-control: no-cache

20:52:41.737 [AsyncHttpClient-3-1] DEBUG org.asynchttpclient.netty.channel.ChannelManager - Adding key: http://localhost:7262 for channel [id: 0xe306415c, L:/127.0.0.1:57663 - R:localhost/127.0.0.1:7262]
20:52:41.737 [Forwarding clickElement on session 4ce0123a338f680df063d3c593b6bfa5 to remote] DEBUG org.asynchttpclient.netty.request.NettyRequestSender - Using pooled Channel '[id: 0xe306415c, L:/127.0.0.1:57663 - R:localhost/127.0.0.1:7262]' for 'POST' to 'http://localhost:7262/session/4ce0123a338f680df063d3c593b6bfa5/element/3d1164a3-ba2d-4d37-be12-4189f7126a28/click'
20:52:41.737 [Forwarding clickElement on session 4ce0123a338f680df063d3c593b6bfa5 to remote] DEBUG org.asynchttpclient.netty.request.NettyRequestSender - Using open Channel [id: 0xe306415c, L:/127.0.0.1:57663 - R:localhost/127.0.0.1:7262] for POST '/session/4ce0123a338f680df063d3c593b6bfa5/element/3d1164a3-ba2d-4d37-be12-4189f7126a28/click'
20:52:41.815 [AsyncHttpClient-3-1] DEBUG org.asynchttpclient.netty.handler.HttpHandler - 

Request DefaultHttpRequest(decodeResult: success, version: HTTP/1.1)
POST /session/4ce0123a338f680df063d3c593b6bfa5/element/3d1164a3-ba2d-4d37-be12-4189f7126a28/click HTTP/1.1
User-Agent: selenium/4.0.0-alpha-6 (java windows)
Content-Length: 50
Content-Type: application/json; charset=utf-8
host: localhost:7262
accept: */*

Response DefaultHttpResponse(decodeResult: success, version: HTTP/1.1)
HTTP/1.1 200 OK
Content-Length: 14
Content-Type: application/json; charset=utf-8
cache-control: no-cache

20:52:41.815 [AsyncHttpClient-3-1] DEBUG org.asynchttpclient.netty.channel.ChannelManager - Adding key: http://localhost:7262 for channel [id: 0xe306415c, L:/127.0.0.1:57663 - R:localhost/127.0.0.1:7262]
20:52:41.818 [Forwarding findElement on session 4ce0123a338f680df063d3c593b6bfa5 to remote] DEBUG org.asynchttpclient.netty.request.NettyRequestSender - Using pooled Channel '[id: 0xe306415c, L:/127.0.0.1:57663 - R:localhost/127.0.0.1:7262]' for 'POST' to 'http://localhost:7262/session/4ce0123a338f680df063d3c593b6bfa5/element'
20:52:41.819 [Forwarding findElement on session 4ce0123a338f680df063d3c593b6bfa5 to remote] DEBUG org.asynchttpclient.netty.request.NettyRequestSender - Using open Channel [id: 0xe306415c, L:/127.0.0.1:57663 - R:localhost/127.0.0.1:7262] for POST '/session/4ce0123a338f680df063d3c593b6bfa5/element'
20:52:41.841 [AsyncHttpClient-3-1] DEBUG org.asynchttpclient.netty.handler.HttpHandler - 

Request DefaultHttpRequest(decodeResult: success, version: HTTP/1.1)
POST /session/4ce0123a338f680df063d3c593b6bfa5/element HTTP/1.1
User-Agent: selenium/4.0.0-alpha-6 (java windows)
Content-Length: 70
Content-Type: application/json; charset=utf-8
host: localhost:7262
accept: */*

Response DefaultHttpResponse(decodeResult: success, version: HTTP/1.1)
HTTP/1.1 200 OK
Content-Length: 88
Content-Type: application/json; charset=utf-8
cache-control: no-cache

20:52:41.841 [AsyncHttpClient-3-1] DEBUG org.asynchttpclient.netty.channel.ChannelManager - Adding key: http://localhost:7262 for channel [id: 0xe306415c, L:/127.0.0.1:57663 - R:localhost/127.0.0.1:7262]
20:52:41.885 [Forwarding getElementAttribute on session 4ce0123a338f680df063d3c593b6bfa5 to remote] DEBUG org.asynchttpclient.netty.request.NettyRequestSender - Using pooled Channel '[id: 0xe306415c, L:/127.0.0.1:57663 - R:localhost/127.0.0.1:7262]' for 'POST' to 'http://localhost:7262/session/4ce0123a338f680df063d3c593b6bfa5/execute/sync'
20:52:41.886 [Forwarding getElementAttribute on session 4ce0123a338f680df063d3c593b6bfa5 to remote] DEBUG org.asynchttpclient.netty.request.NettyRequestSender - Using open Channel [id: 0xe306415c, L:/127.0.0.1:57663 - R:localhost/127.0.0.1:7262] for POST '/session/4ce0123a338f680df063d3c593b6bfa5/execute/sync'
20:52:41.960 [AsyncHttpClient-3-1] DEBUG org.asynchttpclient.netty.handler.HttpHandler - 

Request DefaultHttpRequest(decodeResult: success, version: HTTP/1.1)
POST /session/4ce0123a338f680df063d3c593b6bfa5/execute/sync HTTP/1.1
User-Agent: selenium/4.0.0-alpha-6 (java windows)
Content-Length: 39635
Content-Type: application/json; charset=utf-8
host: localhost:7262
accept: */*

Response DefaultHttpResponse(decodeResult: success, version: HTTP/1.1)
HTTP/1.1 200 OK
Content-Length: 12
Content-Type: application/json; charset=utf-8
cache-control: no-cache

20:52:41.960 [AsyncHttpClient-3-1] DEBUG org.asynchttpclient.netty.channel.ChannelManager - Adding key: http://localhost:7262 for channel [id: 0xe306415c, L:/127.0.0.1:57663 - R:localhost/127.0.0.1:7262]
20:52:41.961 [Forwarding findElement on session 4ce0123a338f680df063d3c593b6bfa5 to remote] DEBUG org.asynchttpclient.netty.request.NettyRequestSender - Using pooled Channel '[id: 0xe306415c, L:/127.0.0.1:57663 - R:localhost/127.0.0.1:7262]' for 'POST' to 'http://localhost:7262/session/4ce0123a338f680df063d3c593b6bfa5/element'
20:52:41.961 [Forwarding findElement on session 4ce0123a338f680df063d3c593b6bfa5 to remote] DEBUG org.asynchttpclient.netty.request.NettyRequestSender - Using open Channel [id: 0xe306415c, L:/127.0.0.1:57663 - R:localhost/127.0.0.1:7262] for POST '/session/4ce0123a338f680df063d3c593b6bfa5/element'
20:52:41.981 [AsyncHttpClient-3-1] DEBUG org.asynchttpclient.netty.handler.HttpHandler - 

Request DefaultHttpRequest(decodeResult: success, version: HTTP/1.1)
POST /session/4ce0123a338f680df063d3c593b6bfa5/element HTTP/1.1
User-Agent: selenium/4.0.0-alpha-6 (java windows)
Content-Length: 70
Content-Type: application/json; charset=utf-8
host: localhost:7262
accept: */*

Response DefaultHttpResponse(decodeResult: success, version: HTTP/1.1)
HTTP/1.1 200 OK
Content-Length: 88
Content-Type: application/json; charset=utf-8
cache-control: no-cache

20:52:41.981 [AsyncHttpClient-3-1] DEBUG org.asynchttpclient.netty.channel.ChannelManager - Adding key: http://localhost:7262 for channel [id: 0xe306415c, L:/127.0.0.1:57663 - R:localhost/127.0.0.1:7262]
20:52:41.981 [Forwarding clearElement on session 4ce0123a338f680df063d3c593b6bfa5 to remote] DEBUG org.asynchttpclient.netty.request.NettyRequestSender - Using pooled Channel '[id: 0xe306415c, L:/127.0.0.1:57663 - R:localhost/127.0.0.1:7262]' for 'POST' to 'http://localhost:7262/session/4ce0123a338f680df063d3c593b6bfa5/element/3d1164a3-ba2d-4d37-be12-4189f7126a28/clear'
20:52:41.981 [Forwarding clearElement on session 4ce0123a338f680df063d3c593b6bfa5 to remote] DEBUG org.asynchttpclient.netty.request.NettyRequestSender - Using open Channel [id: 0xe306415c, L:/127.0.0.1:57663 - R:localhost/127.0.0.1:7262] for POST '/session/4ce0123a338f680df063d3c593b6bfa5/element/3d1164a3-ba2d-4d37-be12-4189f7126a28/clear'
20:52:42.021 [AsyncHttpClient-3-1] DEBUG org.asynchttpclient.netty.handler.HttpHandler - 

Request DefaultHttpRequest(decodeResult: success, version: HTTP/1.1)
POST /session/4ce0123a338f680df063d3c593b6bfa5/element/3d1164a3-ba2d-4d37-be12-4189f7126a28/clear HTTP/1.1
User-Agent: selenium/4.0.0-alpha-6 (java windows)
Content-Length: 50
Content-Type: application/json; charset=utf-8
host: localhost:7262
accept: */*

Response DefaultHttpResponse(decodeResult: success, version: HTTP/1.1)
HTTP/1.1 200 OK
Content-Length: 14
Content-Type: application/json; charset=utf-8
cache-control: no-cache

20:52:42.021 [AsyncHttpClient-3-1] DEBUG org.asynchttpclient.netty.channel.ChannelManager - Adding key: http://localhost:7262 for channel [id: 0xe306415c, L:/127.0.0.1:57663 - R:localhost/127.0.0.1:7262]
20:52:42.031 [Forwarding findElement on session 4ce0123a338f680df063d3c593b6bfa5 to remote] DEBUG org.asynchttpclient.netty.request.NettyRequestSender - Using pooled Channel '[id: 0xe306415c, L:/127.0.0.1:57663 - R:localhost/127.0.0.1:7262]' for 'POST' to 'http://localhost:7262/session/4ce0123a338f680df063d3c593b6bfa5/element'
20:52:42.031 [Forwarding findElement on session 4ce0123a338f680df063d3c593b6bfa5 to remote] DEBUG org.asynchttpclient.netty.request.NettyRequestSender - Using open Channel [id: 0xe306415c, L:/127.0.0.1:57663 - R:localhost/127.0.0.1:7262] for POST '/session/4ce0123a338f680df063d3c593b6bfa5/element'
20:52:42.041 [AsyncHttpClient-3-1] DEBUG org.asynchttpclient.netty.handler.HttpHandler - 

Request DefaultHttpRequest(decodeResult: success, version: HTTP/1.1)
POST /session/4ce0123a338f680df063d3c593b6bfa5/element HTTP/1.1
User-Agent: selenium/4.0.0-alpha-6 (java windows)
Content-Length: 70
Content-Type: application/json; charset=utf-8
host: localhost:7262
accept: */*

Response DefaultHttpResponse(decodeResult: success, version: HTTP/1.1)
HTTP/1.1 200 OK
Content-Length: 88
Content-Type: application/json; charset=utf-8
cache-control: no-cache

20:52:42.041 [AsyncHttpClient-3-1] DEBUG org.asynchttpclient.netty.channel.ChannelManager - Adding key: http://localhost:7262 for channel [id: 0xe306415c, L:/127.0.0.1:57663 - R:localhost/127.0.0.1:7262]
20:52:42.041 [Forwarding sendKeysToElement on session 4ce0123a338f680df063d3c593b6bfa5 to remote] DEBUG org.asynchttpclient.netty.request.NettyRequestSender - Using pooled Channel '[id: 0xe306415c, L:/127.0.0.1:57663 - R:localhost/127.0.0.1:7262]' for 'POST' to 'http://localhost:7262/session/4ce0123a338f680df063d3c593b6bfa5/element/3d1164a3-ba2d-4d37-be12-4189f7126a28/value'
20:52:42.051 [Forwarding sendKeysToElement on session 4ce0123a338f680df063d3c593b6bfa5 to remote] DEBUG org.asynchttpclient.netty.request.NettyRequestSender - Using open Channel [id: 0xe306415c, L:/127.0.0.1:57663 - R:localhost/127.0.0.1:7262] for POST '/session/4ce0123a338f680df063d3c593b6bfa5/element/3d1164a3-ba2d-4d37-be12-4189f7126a28/value'
20:52:42.111 [AsyncHttpClient-3-1] DEBUG org.asynchttpclient.netty.handler.HttpHandler - 

Request DefaultHttpRequest(decodeResult: success, version: HTTP/1.1)
POST /session/4ce0123a338f680df063d3c593b6bfa5/element/3d1164a3-ba2d-4d37-be12-4189f7126a28/value HTTP/1.1
User-Agent: selenium/4.0.0-alpha-6 (java windows)
Content-Length: 161
Content-Type: application/json; charset=utf-8
host: localhost:7262
accept: */*

Response DefaultHttpResponse(decodeResult: success, version: HTTP/1.1)
HTTP/1.1 200 OK
Content-Length: 14
Content-Type: application/json; charset=utf-8
cache-control: no-cache

20:52:42.111 [AsyncHttpClient-3-1] DEBUG org.asynchttpclient.netty.channel.ChannelManager - Adding key: http://localhost:7262 for channel [id: 0xe306415c, L:/127.0.0.1:57663 - R:localhost/127.0.0.1:7262]
20:52:42.111 [Forwarding findElement on session 4ce0123a338f680df063d3c593b6bfa5 to remote] DEBUG org.asynchttpclient.netty.request.NettyRequestSender - Using pooled Channel '[id: 0xe306415c, L:/127.0.0.1:57663 - R:localhost/127.0.0.1:7262]' for 'POST' to 'http://localhost:7262/session/4ce0123a338f680df063d3c593b6bfa5/element'
20:52:42.111 [Forwarding findElement on session 4ce0123a338f680df063d3c593b6bfa5 to remote] DEBUG org.asynchttpclient.netty.request.NettyRequestSender - Using open Channel [id: 0xe306415c, L:/127.0.0.1:57663 - R:localhost/127.0.0.1:7262] for POST '/session/4ce0123a338f680df063d3c593b6bfa5/element'
20:52:42.155 [AsyncHttpClient-3-1] DEBUG org.asynchttpclient.netty.handler.HttpHandler - 

Request DefaultHttpRequest(decodeResult: success, version: HTTP/1.1)
POST /session/4ce0123a338f680df063d3c593b6bfa5/element HTTP/1.1
User-Agent: selenium/4.0.0-alpha-6 (java windows)
Content-Length: 65
Content-Type: application/json; charset=utf-8
host: localhost:7262
accept: */*

Response DefaultHttpResponse(decodeResult: success, version: HTTP/1.1)
HTTP/1.1 200 OK
Content-Length: 88
Content-Type: application/json; charset=utf-8
cache-control: no-cache

20:52:42.156 [AsyncHttpClient-3-1] DEBUG org.asynchttpclient.netty.channel.ChannelManager - Adding key: http://localhost:7262 for channel [id: 0xe306415c, L:/127.0.0.1:57663 - R:localhost/127.0.0.1:7262]
20:52:42.159 [Forwarding clickElement on session 4ce0123a338f680df063d3c593b6bfa5 to remote] DEBUG org.asynchttpclient.netty.request.NettyRequestSender - Using pooled Channel '[id: 0xe306415c, L:/127.0.0.1:57663 - R:localhost/127.0.0.1:7262]' for 'POST' to 'http://localhost:7262/session/4ce0123a338f680df063d3c593b6bfa5/element/c9f25649-58c1-4512-b2f1-c4b8e232723d/click'
20:52:42.159 [Forwarding clickElement on session 4ce0123a338f680df063d3c593b6bfa5 to remote] DEBUG org.asynchttpclient.netty.request.NettyRequestSender - Using open Channel [id: 0xe306415c, L:/127.0.0.1:57663 - R:localhost/127.0.0.1:7262] for POST '/session/4ce0123a338f680df063d3c593b6bfa5/element/c9f25649-58c1-4512-b2f1-c4b8e232723d/click'
20:52:42.495 [AsyncHttpClient-3-1] DEBUG org.asynchttpclient.netty.handler.HttpHandler - 

Request DefaultHttpRequest(decodeResult: success, version: HTTP/1.1)
POST /session/4ce0123a338f680df063d3c593b6bfa5/element/c9f25649-58c1-4512-b2f1-c4b8e232723d/click HTTP/1.1
User-Agent: selenium/4.0.0-alpha-6 (java windows)
Content-Length: 50
Content-Type: application/json; charset=utf-8
host: localhost:7262
accept: */*

Response DefaultHttpResponse(decodeResult: success, version: HTTP/1.1)
HTTP/1.1 200 OK
Content-Length: 14
Content-Type: application/json; charset=utf-8
cache-control: no-cache

20:52:42.496 [AsyncHttpClient-3-1] DEBUG org.asynchttpclient.netty.channel.ChannelManager - Adding key: http://localhost:7262 for channel [id: 0xe306415c, L:/127.0.0.1:57663 - R:localhost/127.0.0.1:7262]
20:52:42.504 [AsyncHttpClient-timer-1-1] DEBUG org.asynchttpclient.netty.channel.DefaultChannelPool - Entry count for : http://localhost:57664 : 1
20:52:42.504 [AsyncHttpClient-timer-1-1] DEBUG org.asynchttpclient.netty.channel.DefaultChannelPool - Entry count for : http://localhost:7262 : 1
]]></system-out>
  <system-err><![CDATA[Starting ChromeDriver 85.0.4183.87 (cd6713ebf92fa1cacc0f1a598df280093af0c5d7-refs/branch-heads/4183@{#1689}) on port 7262
Only local connections are allowed.
Please see https://chromedriver.chromium.org/security-considerations for suggestions on keeping ChromeDriver safe.
ChromeDriver was started successfully.
[1604944335.945][WARNING]: This version of ChromeDriver has not been tested with Chrome version 86.
ноя 09, 2020 8:52:17 PM org.openqa.selenium.remote.ProtocolHandshake createSession
INFO: Detected dialect: W3C
]]></system-err>
</testsuite>
