<?xml version="1.0" encoding="UTF-8"?>
<testsuite name="ru.stqa.learn.rest.RestAssuredTests" tests="1" skipped="0" failures="0" errors="0" timestamp="2020-11-17T19:25:55" hostname="HP820G4-6" time="4.61">
  <properties/>
  <testcase name="testCreateIssue" classname="ru.stqa.learn.rest.RestAssuredTests" time="4.61"/>
  <system-out><![CDATA[]]></system-out>
  <system-err><![CDATA[]]></system-err>
</testsuite>
