<?xml version="1.0" encoding="UTF-8"?>
<testsuite name="ru.stqa.learn.rest.RestTests" tests="1" skipped="0" failures="0" errors="0" timestamp="2020-11-18T09:39:17" hostname="HP820G4-6" time="16.703">
  <properties/>
  <testcase name="testCreateIssue" classname="ru.stqa.learn.rest.RestTests" time="16.703"/>
  <system-out><![CDATA[]]></system-out>
  <system-err><![CDATA[]]></system-err>
</testsuite>
