<?xml version="1.0" encoding="UTF-8"?>
<testsuite name="ru.stqa.learn.addressbook.tests.GroupModificationTests" tests="1" skipped="0" failures="0" errors="0" timestamp="2020-10-26T16:48:09" hostname="HP820G4-6" time="3.932">
  <properties/>
  <testcase name="testGroupModification" classname="ru.stqa.learn.addressbook.tests.GroupModificationTests" time="3.932"/>
  <system-out><![CDATA[]]></system-out>
  <system-err><![CDATA[]]></system-err>
</testsuite>
