<?xml version="1.0" encoding="UTF-8"?>
<testsuite name="ru.stqa.learn.addressbook.tests.GroupModificationTests" tests="1" skipped="0" failures="0" errors="0" timestamp="2020-01-28T20:58:51" hostname="HP820G4-6" time="3.66">
  <properties/>
  <testcase name="testGroupModification" classname="ru.stqa.learn.addressbook.tests.GroupModificationTests" time="3.66"/>
  <system-out><![CDATA[]]></system-out>
  <system-err><![CDATA[Starting ChromeDriver 79.0.3945.36 (3582db32b33893869b8c1339e8f4d9ed1816f143-refs/branch-heads/3945@{#614}) on port 18078
Only local connections are allowed.
Please protect ports used by ChromeDriver and related test frameworks to prevent access by malicious code.
янв 28, 2020 11:58:49 PM org.openqa.selenium.remote.ProtocolHandshake createSession
INFO: Detected dialect: W3C
]]></system-err>
</testsuite>
