<?xml version="1.0" encoding="UTF-8"?>
<testsuite name="ru.stqa.learn.addressbook.tests.ContactCreationTests" tests="1" skipped="1" failures="0" errors="0" timestamp="2020-02-01T18:21:25" hostname="HP820G4-6" time="325.226">
  <properties/>
  <testcase name="testContactCreation" classname="ru.stqa.learn.addressbook.tests.ContactCreationTests" time="325.226">
    <skipped/>
  </testcase>
  <system-out><![CDATA[]]></system-out>
  <system-err><![CDATA[Starting ChromeDriver 79.0.3945.36 (3582db32b33893869b8c1339e8f4d9ed1816f143-refs/branch-heads/3945@{#614}) on port 31103
Only local connections are allowed.
Please protect ports used by ChromeDriver and related test frameworks to prevent access by malicious code.
фев 01, 2020 9:21:23 PM org.openqa.selenium.remote.ProtocolHandshake createSession
INFO: Detected dialect: W3C
]]></system-err>
</testsuite>
