<?xml version="1.0" encoding="UTF-8"?>
<testsuite name="ru.stqa.learn.addressbook.tests.GroupModificationTests" tests="1" skipped="0" failures="0" errors="0" timestamp="2020-02-01T11:50:47" hostname="HP820G4-6" time="4.607">
  <properties/>
  <testcase name="testGroupModification" classname="ru.stqa.learn.addressbook.tests.GroupModificationTests" time="4.607"/>
  <system-out><![CDATA[]]></system-out>
  <system-err><![CDATA[Starting ChromeDriver 79.0.3945.36 (3582db32b33893869b8c1339e8f4d9ed1816f143-refs/branch-heads/3945@{#614}) on port 48803
Only local connections are allowed.
Please protect ports used by ChromeDriver and related test frameworks to prevent access by malicious code.
фев 01, 2020 2:50:42 PM org.openqa.selenium.remote.ProtocolHandshake createSession
INFO: Detected dialect: W3C
]]></system-err>
</testsuite>
