<?xml version="1.0" encoding="UTF-8"?>
<testsuite name="ru.stqa.learn.github.GithubTests" tests="1" skipped="0" failures="0" errors="0" timestamp="2020-11-18T14:19:50" hostname="HP820G4-6" time="44.089">
  <properties/>
  <testcase name="testCommits" classname="ru.stqa.learn.github.GithubTests" time="44.089"/>
  <system-out><![CDATA[Задание №20. Реализована интеграция тестов с баг-трекером Bugify
Добавлен RestAssuredTests (лекция 9.5)
 REST: взаимодействие с Bugify, создан тест RestTests
9.3 Взаимодействие SOAP и Mantis + Задание 19. Реализована интеграция тестов с баг-трекером MantisBT (статус баг-репорта)
Добавлен новый модуль soap-sample, создан тест GeoIpServiceTests
Внесена небольшая правка в название помощника (UserHelper)
Реализован тест для смены пароля в MantisBT (ChangePasswordTests)
Доработан тест регистрации (8.7 Получение почты на внешний почтовый сервер. Создание пользователей на внешнем почтовом сервере (по протоколу Telnet))
Доработан тест регистрации (8.6 Получение почты на встроенный в тесты почтовый сервер)
Для теста регистрации отключена капча (с помощью передачи файла на удалённую машину по протоколу FTP)
Добавлена оленивая инициализация браузера. Создан тест RegistrationTests (начало)
Прямое взаимодействие с сервером по протоколу HTTP. Создан тест LoginTest
Добавлен новый модуль для тестов для Mantis
Доработаны тесты на добавление контакта в группу и удаление из группы
Созданы тесты для добавления и удаления контакта из группы (без проверок)
Описаны связи между объектами (контакты и группы). В тестах при создании группа стала не обязательна
Добавлены отключаемые проверки сверки списков из БД и UI (все тесты)
Реализована проверка данных, загружаемых из БД (контакты-создание, мод-ия, уд-ие)
Реализована проверка данных, загружаемых из БД (группы - создание, модификация, удаление)
Изменен тест HbConnectionTest (теперь выгр-ся контакты), откат hibernate до версии 5.4.23.Final
7.1 Добавлен драйвер базы данных. Получение данных из БД (SQL)
Добавлено протоколирование запусков (лог-файлы)
Вынесено описание тестового стенда в конфигурационный файл
Автоматическое закрытие файлов (в райтерах и ридерах) (группы и контакты)
Загрузка тестовых данных из файла в формате json (контакты)
Добавлена возможность генерации файла в форматаха Xml и Json для контактов
Конвертация файла в Json и наоборот (для групп)
Конвертация файла в XML и наоборот (для групп)
Загрузка тестовых данных из файла (группы)
Параметризация методов (тест по созданию контактов)
Добавлен генератор тестовых данных для контактов
Параметризация методов (тест по созданию групп)
Добавлен генератор тестовых данных для групп
В тест Создания контакта добавлено прикрепление фото
В тест ContactEmailTests добавлена проверка почтового адреса, тест переименован в ContactEmailAndAddressTests
Добавлен метод обратных проверок для имейлов
Добавлен метод обратных проверок для телефонов
Добавлен тест на проверку корректности представления телефона на главной странице
Мелкие правки (стиль кода, обновление хромдрайвера)
Хеширование и предварительные проверки (groups, contacts)
Кеширование результатов длительных операций (groups, contacts)
Hamcrest: улучшение внешнего вида проверок (контакты)
Hamcrest: улучшение внешнего вида проверок (группы)
Повсеместное использование уникальных идентификаторов объектов (контакты)
Повсеместное использование уникальных идентификаторов объектов (группы)
Правки по 9 заданию. Исправление в методе initContactModification
Правки по 9 заданию
Fluent-интерфейсы (контакты)
Fluent-интерфейсы (группы)
Улучшение названий методов (группы и контакты)
Реструктуризация кода (запуск браузера, инициализация) (контакты)
Реструктуризация кода (открытие браузера, иницилизация) (группы)
Сортировка списков (контакты)
Сортировка списков (группы)
Лямбда-выражения (анонимные функции) и элементы функц. прогр-ния (контакт)
Лямбда-выражения (анонимные функции) и элементы функц. прогр-ия (group)
Поиск максимального элемента в коллекции (контакты)
Поиск максимального элемента в коллекции (группы)
Множества: неупорядоченные коллекции (модификация контактов)
Множества: неупорядоченные коллекции (модофикация групп)
Сравнение коллекций (группы и контакты)
Формирование коллекции (для групп)
Формирование коллекции (группы)
Добавлена возмодность выбора элемента списка по порядковому номеру
Провека по кол-ву элементов на странице (для контактов)
Провека по кол-ву элементов в коллекции (для групп)
Реализована проверка и обеспечение предусловий в тестах (контакты)
Реализована  проверка и обеспечение выполнения предусловий (для групп)
Оптимизированы переходы между страницами ("ленивые" действия")
Заполнение форм с почти одинаковым набором полей
Оптимизация заолнения. Оставлем не изменяющиеся значения в полях
Задание №7 (тесты могут запускатьчся в FF, Chrome, IE) + поправлен тест ContactDeletionTests
Функция if else на примере дискриминанта
Задание №6 (Добавлены тесты на модификацию групп и контактов, сценарии написны вручную)
Задане №5 (п.4 - создан общий базовый класс HelperBase, в него перенесены низкоуровневые вспомогательные методы)
Задание №5 (п.3 - из ApplicationManager выделены классы-помощники NavigationHelper, SessionHelper, GroupHelper и ContactHelper, в них перенесены вспомогательные методы)
Задание №5 (п.2 - сделан класс ApplicationManager, в него перенесены вспомогательные методы)
Задание №5 (п.1 - для удаления контактов)
Задание №5 (п.1 - сделан общий базовый класс для TestBase, в него перенесены вспомогательные методы)
Задание №4 (Создание теста по добавлению нового контакта)
Задание №3. Вторая попытка. В условия теста обавлен второй объект
Задание №2. Вторая попытка. Исправлен метод в классе Point.
Задание №4 (третья часть: парметризованы методы, создан вспомогательный "модельный" класс GroupData)
Задание №4 (из кода теста выделены вспомогательные методы, разлогин перенесен в AfterMethod)
Задание №4 (вторая часть: из кода теста вынесен вспомогательный метод)
Задание №4 (первая часть: записан тест, выполняется успешно)
Задание №3
Задание №2
Создан проект для IDEA
Добавлен запускатель для Gradle
Создан проект "Песочница"
Initial commit
]]></system-out>
  <system-err><![CDATA[SLF4J: Failed to load class "org.slf4j.impl.StaticLoggerBinder".
SLF4J: Defaulting to no-operation (NOP) logger implementation
SLF4J: See http://www.slf4j.org/codes.html#StaticLoggerBinder for further details.
]]></system-err>
</testsuite>
